TN:
SF:/home/fsrg/Desktop/workspace/github/knowledge-cloud/login_n_routers-angularjs-vanilla-kotiln-couchdb/client/app/src/app.module.js
FNF:0
FNH:0
DA:11,1
LF:1
LH:1
BRF:0
BRH:0
end_of_record
TN:
SF:/home/fsrg/Desktop/workspace/github/knowledge-cloud/login_n_routers-angularjs-vanilla-kotiln-couchdb/client/app/src/app.routers.js
FN:13,(anonymous_0)
FNF:1
FNH:1
FNDA:1,(anonymous_0)
DA:11,1
DA:14,1
LF:2
LH:2
BRF:0
BRH:0
end_of_record
TN:
SF:/home/fsrg/Desktop/workspace/github/knowledge-cloud/login_n_routers-angularjs-vanilla-kotiln-couchdb/client/app/src/login/login.js
FN:11,(anonymous_0)
FNF:1
FNH:1
FNDA:1,(anonymous_0)
DA:10,1
DA:12,1
DA:13,1
LF:3
LH:3
BRF:0
BRH:0
end_of_record
TN:
SF:/home/fsrg/Desktop/workspace/github/knowledge-cloud/login_n_routers-angularjs-vanilla-kotiln-couchdb/client/app/src/login/login.k.js
FN:3,(anonymous_0)
FN:12,(anonymous_1)
FN:20,(anonymous_2)
FNF:3
FNH:3
FNDA:1,(anonymous_0)
FNDA:1,(anonymous_1)
FNDA:1,(anonymous_2)
DA:3,1
DA:6,1
DA:12,1
DA:13,1
DA:14,1
DA:20,1
DA:21,1
LF:7
LH:7
BRF:0
BRH:0
end_of_record
TN:
SF:/home/fsrg/Desktop/workspace/github/knowledge-cloud/login_n_routers-angularjs-vanilla-kotiln-couchdb/client/bower_components/angular/angular.js
FN:6,(anonymous_0)
FN:46,errorHandlingConfig
FN:64,isValidObjectMaxDepth
FN:99,minErr
FN:106,(anonymous_4)
FN:110,(anonymous_5)
FN:120,(anonymous_6)
FN:276,(anonymous_7)
FN:285,(anonymous_8)
FN:318,isArrayLike
FN:374,forEach
FN:416,forEachSorted
FN:430,reverseParams
FN:431,(anonymous_13)
FN:444,nextUid
FN:454,setHashKey
FN:463,baseExtend
FN:515,extend
FN:554,merge
FN:560,toInt
FN:564,isNumberNaN
FN:570,inherit
FN:590,noop
FN:622,identity
FN:626,valueFn
FN:626,valueRef
FN:628,hasCustomToString
FN:645,isUndefined
FN:660,isDefined
FN:676,isObject
FN:687,isBlankObject
FN:704,isString
FN:725,isNumber
FN:740,isDate
FN:757,isArray
FN:769,isError
FN:791,isFunction
FN:801,isRegExp
FN:813,isWindow
FN:818,isScope
FN:823,isFile
FN:828,isFormData
FN:833,isBlob
FN:838,isBoolean
FN:843,isPromiseLike
FN:849,isTypedArray
FN:853,isArrayBuffer
FN:858,(anonymous_47)
FN:865,(anonymous_48)
FN:885,isElement
FN:895,makeMap
FN:904,nodeName_
FN:908,includes
FN:912,arrayRemove
FN:1007,copy
FN:1024,(anonymous_55)
FN:1038,copyRecurse
FN:1073,copyElement
FN:1106,copyType
FN:1154,simpleCompare
FN:1220,equals
FN:1262,(anonymous_61)
FN:1286,noUnsafeEval
FN:1335,(anonymous_63)
FN:1351,concat
FN:1355,sliceArgs
FN:1377,bind
FN:1381,(anonymous_67)
FN:1386,(anonymous_68)
FN:1398,toJsonReplacer
FN:1451,toJson
FN:1472,fromJson
FN:1480,timezoneToOffset
FN:1489,addDateMinutes
FN:1496,convertTimezoneToLocal
FN:1507,startingTag
FN:1514,(anonymous_76)
FN:1532,tryDecodeURIComponent
FN:1545,parseKeyValue
FN:1547,(anonymous_79)
FN:1572,toKeyValue
FN:1574,(anonymous_81)
FN:1576,(anonymous_82)
FN:1600,encodeUriSegment
FN:1619,encodeUriQuery
FN:1631,getNgAttribute
FN:1642,allowAutoBootstrap
FN:1659,(anonymous_87)
FN:1836,angularInit
FN:1842,(anonymous_89)
FN:1850,(anonymous_90)
FN:1929,bootstrap
FN:1935,(anonymous_92)
FN:1948,(anonymous_93)
FN:1954,(anonymous_94)
FN:1962,bootstrapApply
FN:1963,(anonymous_96)
FN:1985,(anonymous_97)
FN:1986,(anonymous_98)
FN:2007,reloadWithDebugInfo
FN:2020,getTestability
FN:2030,snake_case
FN:2032,(anonymous_102)
FN:2038,bindJQuery
FN:2072,(anonymous_104)
FN:2092,assertArg
FN:2099,assertArgFn
FN:2114,assertNotHasOwnProperty
FN:2128,getter
FN:2152,getBlockNodes
FN:2182,createMap
FN:2186,stringify
FN:2223,setupModuleLoader
FN:2228,ensure
FN:2237,(anonymous_114)
FN:2292,module
FN:2296,(anonymous_116)
FN:2306,(anonymous_117)
FN:2361,(anonymous_118)
FN:2581,(anonymous_119)
FN:2599,invokeLater
FN:2601,(anonymous_121)
FN:2612,invokeLaterAndSetModuleName
FN:2614,(anonymous_123)
FN:2633,shallowCopy
FN:2655,serializeObject
FN:2666,(anonymous_126)
FN:2678,toDebugString
FN:2816,publishExternalAPI
FN:2857,ngModule
FN:3094,(anonymous_130)
FN:3099,jqNextId
FN:3112,cssKebabToCamel
FN:3116,fnCamelCaseReplace
FN:3124,kebabToCamel
FN:3149,jqLiteIsTextNode
FN:3153,jqLiteAcceptsData
FN:3160,jqLiteHasData
FN:3167,jqLiteBuildFragment
FN:3197,(anonymous_139)
FN:3204,jqLiteParseHTML
FN:3219,jqLiteWrapNode
FN:3231,(anonymous_142)
FN:3237,JQLite
FN:3264,jqLiteClone
FN:3268,jqLiteDealoc
FN:3276,isEmptyObject
FN:3285,removeIfEmptyData
FN:3298,jqLiteOff
FN:3316,(anonymous_149)
FN:3327,(anonymous_150)
FN:3338,jqLiteRemoveData
FN:3354,jqLiteExpandoStore
FN:3367,jqLiteData
FN:3396,jqLiteHasClass
FN:3402,jqLiteRemoveClass
FN:3408,(anonymous_156)
FN:3419,jqLiteAddClass
FN:3425,(anonymous_158)
FN:3439,jqLiteAddNodes
FN:3465,jqLiteController
FN:3469,jqLiteInheritedData
FN:3489,jqLiteEmpty
FN:3496,jqLiteRemove
FN:3503,jqLiteDocumentLoaded
FN:3516,jqLiteReady
FN:3517,trigger
FN:3542,(anonymous_167)
FN:3544,(anonymous_168)
FN:3548,(anonymous_169)
FN:3564,(anonymous_170)
FN:3568,(anonymous_171)
FN:3580,getBooleanAttrName
FN:3588,getAliasedAttrName
FN:3596,jqLiteCleanData
FN:3602,(anonymous_175)
FN:3610,(anonymous_176)
FN:3615,(anonymous_177)
FN:3622,(anonymous_178)
FN:3626,(anonymous_179)
FN:3632,(anonymous_180)
FN:3642,(anonymous_181)
FN:3674,(anonymous_182)
FN:3682,(anonymous_183)
FN:3686,getText
FN:3695,(anonymous_185)
FN:3699,(anonymous_186)
FN:3711,(anonymous_187)
FN:3720,(anonymous_188)
FN:3724,(anonymous_189)
FN:3771,createEventHandler
FN:3772,(anonymous_191)
FN:3774,(anonymous_192)
FN:3785,(anonymous_193)
FN:3798,(anonymous_194)
FN:3823,defaultHandlerWrapper
FN:3827,specialMouseHandlerWrapper
FN:3847,jqLiteOn
FN:3867,(anonymous_198)
FN:3894,(anonymous_199)
FN:3900,onFn
FN:3907,(anonymous_201)
FN:3910,(anonymous_202)
FN:3920,(anonymous_203)
FN:3922,(anonymous_204)
FN:3930,(anonymous_205)
FN:3934,(anonymous_206)
FN:3946,(anonymous_207)
FN:3949,(anonymous_208)
FN:3955,(anonymous_209)
FN:3961,(anonymous_210)
FN:3965,(anonymous_211)
FN:3982,(anonymous_212)
FN:3984,(anonymous_213)
FN:3994,(anonymous_214)
FN:3999,(anonymous_215)
FN:4003,(anonymous_216)
FN:4013,(anonymous_217)
FN:4024,(anonymous_218)
FN:4025,(anonymous_219)
FN:4026,(anonymous_220)
FN:4027,(anonymous_221)
FN:4042,(anonymous_222)
FN:4049,(anonymous_223)
FN:4053,(anonymous_224)
FN:4078,$$jqLiteProvider
FN:4079,$$jqLite
FN:4081,(anonymous_227)
FN:4085,(anonymous_228)
FN:4089,(anonymous_229)
FN:4109,hashKey
FN:4134,NgMapShim
FN:4141,(anonymous_232)
FN:4148,(anonymous_233)
FN:4151,(anonymous_234)
FN:4158,(anonymous_235)
FN:4163,(anonymous_236)
FN:4175,(anonymous_237)
FN:4194,(anonymous_238)
FN:4195,(anonymous_239)
FN:4270,stringifyFn
FN:4274,extractArgs
FN:4280,anonFn
FN:4290,annotate
FN:4307,(anonymous_244)
FN:4308,(anonymous_245)
FN:4903,createInjector
FN:4920,(anonymous_247)
FN:4928,(anonymous_248)
FN:4940,(anonymous_249)
FN:4942,(anonymous_250)
FN:4943,(anonymous_251)
FN:4953,supportObject
FN:4954,(anonymous_253)
FN:4963,provider
FN:4974,enforceReturnValue
FN:4975,enforcedReturnValue
FN:4984,factory
FN:4990,service
FN:4991,(anonymous_259)
FN:4996,value
FN:4998,constant
FN:5004,decorator
FN:5008,(anonymous_263)
FN:5017,loadModules
FN:5020,(anonymous_265)
FN:5024,runInvokeQueue
FN:5071,createInternalInjector
FN:5073,getService
FN:5098,injectionArgs
FN:5114,isClass
FN:5127,invoke
FN:5149,instantiate
FN:5165,(anonymous_273)
FN:5183,$AnchorScrollProvider
FN:5200,(anonymous_275)
FN:5345,(anonymous_276)
FN:5351,getFirstAnchor
FN:5353,(anonymous_278)
FN:5362,getYOffset
FN:5383,scrollTo
FN:5411,scroll
FN:5432,autoScrollWatch
FN:5433,autoScrollWatchAction
FN:5437,(anonymous_284)
FN:5451,mergeClasses
FN:5460,extractElementNode
FN:5469,splitClasses
FN:5477,(anonymous_288)
FN:5494,prepareAnimateOptions
FN:5500,(anonymous_290)
FN:5506,(anonymous_291)
FN:5511,(anonymous_292)
FN:5518,(anonymous_293)
FN:5545,updateData
FN:5550,(anonymous_295)
FN:5560,handleCSSClassChanges
FN:5561,(anonymous_297)
FN:5567,(anonymous_298)
FN:5578,(anonymous_299)
FN:5593,addRemoveClassesPostDigest
FN:5624,(anonymous_301)
FN:5670,(anonymous_302)
FN:5717,(anonymous_303)
FN:5744,(anonymous_304)
FN:5758,(anonymous_305)
FN:5759,domInsert
FN:6004,(anonymous_307)
FN:6034,(anonymous_308)
FN:6066,(anonymous_309)
FN:6093,(anonymous_310)
FN:6094,(anonymous_311)
FN:6122,(anonymous_312)
FN:6151,(anonymous_313)
FN:6182,(anonymous_314)
FN:6229,(anonymous_315)
FN:6242,(anonymous_316)
FN:6243,(anonymous_317)
FN:6246,waitForTick
FN:6249,(anonymous_319)
FN:6257,(anonymous_320)
FN:6259,(anonymous_321)
FN:6262,(anonymous_322)
FN:6273,(anonymous_323)
FN:6275,(anonymous_324)
FN:6281,(anonymous_325)
FN:6285,next
FN:6291,(anonymous_327)
FN:6302,(anonymous_328)
FN:6305,(anonymous_329)
FN:6309,onProgress
FN:6317,AnimateRunner
FN:6321,(anonymous_332)
FN:6326,(anonymous_333)
FN:6337,(anonymous_334)
FN:6341,(anonymous_335)
FN:6351,(anonymous_336)
FN:6354,(anonymous_337)
FN:6355,(anonymous_338)
FN:6367,(anonymous_339)
FN:6371,(anonymous_340)
FN:6375,(anonymous_341)
FN:6379,(anonymous_342)
FN:6385,(anonymous_343)
FN:6391,(anonymous_344)
FN:6398,(anonymous_345)
FN:6405,(anonymous_346)
FN:6409,(anonymous_347)
FN:6415,(anonymous_348)
FN:6417,(anonymous_349)
FN:6444,(anonymous_350)
FN:6445,(anonymous_351)
FN:6447,(anonymous_352)
FN:6475,run
FN:6476,(anonymous_354)
FN:6486,applyAnimationContents
FN:6506,getHash
FN:6511,trimEmptyHash
FN:6536,Browser
FN:6566,getCurrentState
FN:6597,(anonymous_360)
FN:6670,(anonymous_361)
FN:6677,cacheStateAndFireUrlChange
FN:6684,cacheState
FN:6698,fireStateOrUrlChange
FN:6708,(anonymous_365)
FN:6734,(anonymous_366)
FN:6759,(anonymous_367)
FN:6783,(anonymous_368)
FN:6803,(anonymous_369)
FN:6810,(anonymous_370)
FN:6830,(anonymous_371)
FN:6844,$BrowserProvider
FN:6846,(anonymous_373)
FN:6933,$CacheFactoryProvider
FN:6935,(anonymous_375)
FN:6938,cacheFactory
FN:7010,(anonymous_377)
FN:7039,(anonymous_378)
FN:7062,(anonymous_379)
FN:7090,(anonymous_380)
FN:7107,(anonymous_381)
FN:7131,(anonymous_382)
FN:7140,refresh
FN:7159,link
FN:7177,(anonymous_385)
FN:7179,(anonymous_386)
FN:7196,(anonymous_387)
FN:7252,$TemplateCacheProvider
FN:7253,(anonymous_389)
FN:8623,UNINITIALIZED_VALUE
FN:8634,$CompileProvider
FN:8648,parseIsolateBindings
FN:8653,(anonymous_393)
FN:8685,parseDirectiveBindings
FN:8713,assertValidDirectiveName
FN:8725,getDirectiveRequire
FN:8729,(anonymous_397)
FN:8739,getDirectiveRestrict
FN:8765,registerDirective
FN:8774,(anonymous_400)
FN:8776,(anonymous_401)
FN:8892,registerComponent
FN:8898,(anonymous_403)
FN:8900,factory
FN:8901,makeInjectable
FN:8903,(anonymous_406)
FN:8925,(anonymous_407)
FN:8939,(anonymous_408)
FN:8973,(anonymous_409)
FN:9003,(anonymous_410)
FN:9040,(anonymous_411)
FN:9069,(anonymous_412)
FN:9098,(anonymous_413)
FN:9126,(anonymous_414)
FN:9155,(anonymous_415)
FN:9182,(anonymous_416)
FN:9202,registerNativePropertyContexts
FN:9203,registerContext
FN:9204,(anonymous_419)
FN:9251,(anonymous_420)
FN:9268,flushOnChangesQueue
FN:9276,(anonymous_422)
FN:9293,sanitizeSrcset
FN:9344,Attributes
FN:9390,(anonymous_425)
FN:9407,(anonymous_426)
FN:9425,(anonymous_427)
FN:9446,(anonymous_428)
FN:9508,(anonymous_429)
FN:9538,(anonymous_430)
FN:9544,(anonymous_431)
FN:9551,(anonymous_432)
FN:9557,setSpecialAttr
FN:9570,safeAddClass
FN:9584,denormalizeTemplate
FN:9590,$$addBindingInfo
FN:9602,$$addBindingClass
FN:9606,$$addScopeInfo
FN:9611,$$addScopeClass
FN:9615,(anonymous_440)
FN:9628,compile
FN:9640,publicLinkFn
FN:9706,detectNamespaceForChildElements
FN:9731,compileNodes
FN:9785,compositeLinkFn
FN:9841,mergeConsecutiveTextNodes
FN:9867,createBoundTranscludeFn
FN:9868,boundTranscludeFn
FN:9906,collectDirectives
FN:9946,(anonymous_450)
FN:10021,collectCommentDirectives
FN:10047,groupScan
FN:10079,groupElementsLinkFnWrapper
FN:10080,groupedElementsLink
FN:10097,compilationGenerator
FN:10103,lazyCompilation
FN:10138,applyDirectivesToNode
FN:10282,(anonymous_458)
FN:10300,(anonymous_459)
FN:10312,(anonymous_460)
FN:10441,addLinkFns
FN:10462,nodeLinkFn
FN:10487,(anonymous_463)
FN:10524,(anonymous_464)
FN:10532,(anonymous_465)
FN:10549,(anonymous_466)
FN:10553,callOnDestroyHook
FN:10595,(anonymous_468)
FN:10604,controllersBoundTransclude
FN:10641,getControllers
FN:10684,(anonymous_471)
FN:10692,setupControllers
FN:10726,markDirectiveScope
FN:10746,addDirective
FN:10783,directiveIsMultiElement
FN:10804,mergeTemplateAttributes
FN:10809,(anonymous_477)
FN:10823,(anonymous_478)
FN:10839,compileTemplateUrl
FN:10857,(anonymous_480)
FN:10897,(anonymous_481)
FN:10935,(anonymous_482)
FN:10941,delayedNodeLinkFn
FN:10962,byPriority
FN:10969,assertNoDuplicate
FN:10971,wrapModuleNameIfDefined
FN:10985,addTextInterpolateDirective
FN:10990,textInterpolateCompileFn
FN:10998,textInterpolateLinkFn
FN:11002,interpolateFnWatchAction
FN:11012,wrapTemplate
FN:11026,getTrustedAttrContext
FN:11058,getTrustedPropContext
FN:11063,sanitizeSrcsetPropertyValue
FN:11066,addPropertyDirective
FN:11084,ngPropCompileFn
FN:11086,sceValueOf
FN:11092,ngPropPreLinkFn
FN:11093,applyPropValue
FN:11106,addEventDirective
FN:11112,addAttrInterpolateDirective
FN:11135,(anonymous_502)
FN:11137,attrInterpolatePreLinkFn
FN:11161,interpolateFnWatchAction
FN:11191,replaceWith
FN:11259,cloneAndAnnotateFn
FN:11260,(anonymous_507)
FN:11264,invokeLinkFn
FN:11272,strictBindingsCheck
FN:11281,initializeDirectiveBindings
FN:11286,initializeBinding
FN:11301,(anonymous_512)
FN:11337,(anonymous_513)
FN:11345,parentValueWatch
FN:11382,parentValueWatchAction
FN:11406,(anonymous_516)
FN:11413,recordChanges
FN:11434,triggerOnChangesHook
FN:11442,removeWatches
FN:11452,SimpleChange
FN:11456,(anonymous_521)
FN:11466,directiveNormalize
FN:11469,(anonymous_523)
FN:11519,nodesetLinkingFn
FN:11526,directiveLinkingFn
FN:11534,tokenDifference
FN:11550,removeComments
FN:11572,identifierForController
FN:11593,$ControllerProvider
FN:11601,(anonymous_530)
FN:11613,(anonymous_531)
FN:11622,(anonymous_532)
FN:11649,$controller
FN:11703,$controllerInit
FN:11728,addIdentifier
FN:11766,$DocumentProvider
FN:11767,(anonymous_537)
FN:11778,$$IsDocumentHiddenProvider
FN:11779,(anonymous_539)
FN:11785,(anonymous_540)
FN:11789,changeListener
FN:11793,(anonymous_542)
FN:11843,$ExceptionHandlerProvider
FN:11844,(anonymous_544)
FN:11845,(anonymous_545)
FN:11851,(anonymous_546)
FN:11852,(anonymous_547)
FN:11853,(anonymous_548)
FN:11884,serializeValue
FN:11893,$HttpParamSerializerProvider
FN:11910,(anonymous_551)
FN:11911,ngParamSerializer
FN:11914,(anonymous_553)
FN:11917,(anonymous_554)
FN:11931,$HttpParamSerializerJQLikeProvider
FN:11976,(anonymous_556)
FN:11977,jQueryLikeParamSerializer
FN:11983,serialize
FN:11985,(anonymous_559)
FN:11989,(anonymous_560)
FN:12007,defaultHttpResponseTransform
FN:12033,isJsonLike
FN:12044,parseHeaders
FN:12047,fillInParsed
FN:12054,(anonymous_565)
FN:12059,(anonymous_566)
FN:12080,headersGetter
FN:12083,(anonymous_568)
FN:12110,transformData
FN:12115,(anonymous_570)
FN:12123,isSuccess
FN:12136,$HttpProvider
FN:12195,(anonymous_573)
FN:12237,(anonymous_574)
FN:12303,(anonymous_575)
FN:12320,(anonymous_576)
FN:12905,$http
FN:12935,(anonymous_578)
FN:12952,chainInterceptors
FN:12965,completeOutstandingRequest
FN:12969,executeHeaderFns
FN:12972,(anonymous_582)
FN:12986,mergeHeaders
FN:13011,serverRequest
FN:13017,(anonymous_585)
FN:13032,transformResponse
FN:13190,createShortMethods
FN:13191,(anonymous_588)
FN:13192,(anonymous_589)
FN:13202,createShortMethodsWithData
FN:13203,(anonymous_591)
FN:13204,(anonymous_592)
FN:13221,sendReq
FN:13296,createApplyHandlers
FN:13299,(anonymous_595)
FN:13300,(anonymous_596)
FN:13309,callEventHandler
FN:13325,done
FN:13335,resolveHttpPromise
FN:13351,resolvePromise
FN:13365,resolvePromiseWithResult
FN:13369,removePendingReq
FN:13376,buildUrl
FN:13383,sanitizeJsonpCallbackParam
FN:13390,(anonymous_605)
FN:13431,$xhrFactoryProvider
FN:13432,(anonymous_607)
FN:13433,createXhr
FN:13457,$HttpBackendProvider
FN:13458,(anonymous_610)
FN:13463,createHttpBackend
FN:13465,(anonymous_612)
FN:13470,(anonymous_613)
FN:13482,(anonymous_614)
FN:13488,requestLoaded
FN:13513,(anonymous_616)
FN:13519,(anonymous_617)
FN:13523,(anonymous_618)
FN:13533,(anonymous_619)
FN:13537,(anonymous_620)
FN:13574,(anonymous_621)
FN:13578,(anonymous_622)
FN:13583,timeoutRequest
FN:13593,completeRequest
FN:13604,jsonpReq
FN:13614,(anonymous_626)
FN:13643,(anonymous_627)
FN:13650,(anonymous_628)
FN:13698,$InterpolateProvider
FN:13711,(anonymous_630)
FN:13728,(anonymous_631)
FN:13737,(anonymous_632)
FN:13743,escape
FN:13747,unescapeText
FN:13753,constantWatchDelegate
FN:13754,constantInterpolateWatch
FN:13879,$interpolate
FN:13936,(anonymous_638)
FN:13952,(anonymous_639)
FN:13969,interpolationFn
FN:13988,(anonymous_641)
FN:13990,interpolateFnWatcher
FN:13999,parseStringifyInterceptor
FN:14027,(anonymous_644)
FN:14043,(anonymous_645)
FN:14054,$IntervalProvider
FN:14056,(anonymous_647)
FN:14058,(anonymous_648)
FN:14063,(anonymous_649)
FN:14206,(anonymous_650)
FN:14232,$$IntervalFactoryProvider
FN:14234,(anonymous_652)
FN:14235,intervalFactory
FN:14236,intervalFn
FN:14246,callback
FN:14254,tick
FN:14287,(anonymous_657)
FN:14288,(anonymous_658)
FN:14292,createCallback
FN:14293,(anonymous_660)
FN:14311,(anonymous_661)
FN:14327,(anonymous_662)
FN:14339,(anonymous_663)
FN:14350,(anonymous_664)
FN:14383,encodePath
FN:14395,decodePath
FN:14410,normalizePath
FN:14418,parseAbsoluteUrl
FN:14427,parseAppUrl
FN:14449,startsWith
FN:14460,stripBaseUrl
FN:14466,stripHash
FN:14471,stripFile
FN:14476,serverBase
FN:14490,LocationHtml5Url
FN:14501,(anonymous_676)
FN:14517,(anonymous_677)
FN:14521,(anonymous_678)
FN:14562,LocationHashbangUrl
FN:14572,(anonymous_680)
FN:14618,removeWindowsDriveName
FN:14642,(anonymous_682)
FN:14646,(anonymous_683)
FN:14666,LocationHashbangInHtml5Url
FN:14670,(anonymous_685)
FN:14694,(anonymous_686)
FN:14725,(anonymous_687)
FN:14773,(anonymous_688)
FN:14878,(anonymous_689)
FN:14928,(anonymous_690)
FN:14939,(anonymous_691)
FN:14982,(anonymous_692)
FN:14994,(anonymous_693)
FN:15000,(anonymous_694)
FN:15022,(anonymous_695)
FN:15042,locationGetter
FN:15043,(anonymous_697)
FN:15049,locationGetterSetter
FN:15050,(anonymous_699)
FN:15097,$LocationProvider
FN:15113,(anonymous_701)
FN:15145,(anonymous_702)
FN:15209,(anonymous_703)
FN:15239,urlsEqual
FN:15243,setBrowserUrlWithFallback
FN:15262,(anonymous_706)
FN:15316,(anonymous_707)
FN:15324,(anonymous_708)
FN:15351,$locationWatch
FN:15365,(anonymous_710)
FN:15396,afterLocationChange
FN:15457,$LogProvider
FN:15468,(anonymous_713)
FN:15477,(anonymous_714)
FN:15531,(anonymous_715)
FN:15534,(anonymous_716)
FN:15542,formatError
FN:15555,consoleLog
FN:15559,(anonymous_719)
FN:15561,(anonymous_720)
FN:15603,getStringValue
FN:15623,(anonymous_722)
FN:15633,Lexer
FN:15640,(anonymous_724)
FN:15676,(anonymous_725)
FN:15680,(anonymous_726)
FN:15685,(anonymous_727)
FN:15689,(anonymous_728)
FN:15695,(anonymous_729)
FN:15701,(anonymous_730)
FN:15707,(anonymous_731)
FN:15713,(anonymous_732)
FN:15717,(anonymous_733)
FN:15723,(anonymous_734)
FN:15737,(anonymous_735)
FN:15741,(anonymous_736)
FN:15750,(anonymous_737)
FN:15783,(anonymous_738)
FN:15800,(anonymous_739)
FN:15842,AST
FN:15868,(anonymous_741)
FN:15881,(anonymous_742)
FN:15892,(anonymous_743)
FN:15896,(anonymous_744)
FN:15904,(anonymous_745)
FN:15908,(anonymous_746)
FN:15920,(anonymous_747)
FN:15934,(anonymous_748)
FN:15942,(anonymous_749)
FN:15950,(anonymous_750)
FN:15959,(anonymous_751)
FN:15968,(anonymous_752)
FN:15977,(anonymous_753)
FN:15986,(anonymous_754)
FN:15995,(anonymous_755)
FN:16033,(anonymous_756)
FN:16044,(anonymous_757)
FN:16054,(anonymous_758)
FN:16062,(anonymous_759)
FN:16067,(anonymous_760)
FN:16083,(anonymous_761)
FN:16124,(anonymous_762)
FN:16130,(anonymous_763)
FN:16142,(anonymous_764)
FN:16149,(anonymous_765)
FN:16153,(anonymous_766)
FN:16165,(anonymous_767)
FN:16180,ifDefined
FN:16184,plusFn
FN:16190,isStateless
FN:16199,isPure
FN:16224,findConstantAndWatchExpressions
FN:16234,(anonymous_773)
FN:16284,(anonymous_774)
FN:16301,(anonymous_775)
FN:16312,(anonymous_776)
FN:16337,getInputs
FN:16345,isAssignable
FN:16349,assignableAST
FN:16355,isLiteral
FN:16363,isConstant
FN:16367,ASTCompiler
FN:16372,(anonymous_783)
FN:16394,(anonymous_784)
FN:16435,(anonymous_785)
FN:16439,(anonymous_786)
FN:16446,(anonymous_787)
FN:16451,(anonymous_788)
FN:16458,(anonymous_789)
FN:16461,(anonymous_790)
FN:16468,(anonymous_791)
FN:16472,(anonymous_792)
FN:16476,(anonymous_793)
FN:16489,(anonymous_794)
FN:16490,(anonymous_795)
FN:16504,(anonymous_796)
FN:16510,(anonymous_797)
FN:16511,(anonymous_798)
FN:16542,(anonymous_799)
FN:16543,(anonymous_800)
FN:16558,(anonymous_801)
FN:16559,(anonymous_802)
FN:16584,(anonymous_803)
FN:16595,(anonymous_804)
FN:16607,(anonymous_805)
FN:16608,(anonymous_806)
FN:16609,(anonymous_807)
FN:16610,(anonymous_808)
FN:16620,(anonymous_809)
FN:16630,(anonymous_810)
FN:16631,(anonymous_811)
FN:16641,(anonymous_812)
FN:16642,(anonymous_813)
FN:16653,(anonymous_814)
FN:16661,(anonymous_815)
FN:16675,(anonymous_816)
FN:16676,(anonymous_817)
FN:16703,(anonymous_818)
FN:16712,(anonymous_819)
FN:16718,(anonymous_820)
FN:16725,(anonymous_821)
FN:16729,(anonymous_822)
FN:16733,(anonymous_823)
FN:16737,(anonymous_824)
FN:16753,(anonymous_825)
FN:16757,(anonymous_826)
FN:16761,(anonymous_827)
FN:16765,(anonymous_828)
FN:16775,(anonymous_829)
FN:16779,(anonymous_830)
FN:16784,(anonymous_831)
FN:16788,(anonymous_832)
FN:16790,(anonymous_833)
FN:16795,(anonymous_834)
FN:16797,(anonymous_835)
FN:16804,(anonymous_836)
FN:16808,(anonymous_837)
FN:16819,(anonymous_838)
FN:16827,(anonymous_839)
FN:16833,ASTInterpreter
FN:16838,(anonymous_841)
FN:16850,(anonymous_842)
FN:16859,(anonymous_843)
FN:16864,(anonymous_844)
FN:16866,(anonymous_845)
FN:16872,(anonymous_846)
FN:16882,(anonymous_847)
FN:16921,(anonymous_848)
FN:16927,(anonymous_849)
FN:16935,(anonymous_850)
FN:16950,(anonymous_851)
FN:16958,(anonymous_852)
FN:16961,(anonymous_853)
FN:16970,(anonymous_854)
FN:16985,(anonymous_855)
FN:16997,(anonymous_856)
FN:17001,(anonymous_857)
FN:17005,(anonymous_858)
FN:17011,(anonymous_859)
FN:17012,(anonymous_860)
FN:17022,(anonymous_861)
FN:17023,(anonymous_862)
FN:17033,(anonymous_863)
FN:17034,(anonymous_864)
FN:17039,(anonymous_865)
FN:17040,(anonymous_866)
FN:17047,(anonymous_867)
FN:17048,(anonymous_868)
FN:17055,(anonymous_869)
FN:17056,(anonymous_870)
FN:17061,(anonymous_871)
FN:17062,(anonymous_872)
FN:17067,(anonymous_873)
FN:17068,(anonymous_874)
FN:17073,(anonymous_875)
FN:17074,(anonymous_876)
FN:17079,(anonymous_877)
FN:17080,(anonymous_878)
FN:17085,(anonymous_879)
FN:17086,(anonymous_880)
FN:17092,(anonymous_881)
FN:17093,(anonymous_882)
FN:17099,(anonymous_883)
FN:17100,(anonymous_884)
FN:17105,(anonymous_885)
FN:17106,(anonymous_886)
FN:17111,(anonymous_887)
FN:17112,(anonymous_888)
FN:17117,(anonymous_889)
FN:17118,(anonymous_890)
FN:17123,(anonymous_891)
FN:17124,(anonymous_892)
FN:17129,(anonymous_893)
FN:17130,(anonymous_894)
FN:17135,(anonymous_895)
FN:17136,(anonymous_896)
FN:17141,(anonymous_897)
FN:17142,(anonymous_898)
FN:17144,(anonymous_899)
FN:17145,(anonymous_900)
FN:17158,(anonymous_901)
FN:17159,(anonymous_902)
FN:17180,(anonymous_903)
FN:17181,(anonymous_904)
FN:17196,(anonymous_905)
FN:17197,(anonymous_906)
FN:17207,Parser
FN:17216,(anonymous_908)
FN:17225,(anonymous_909)
FN:17240,getValueOf
FN:17296,$ParseProvider
FN:17317,(anonymous_912)
FN:17345,(anonymous_913)
FN:17351,(anonymous_914)
FN:17362,$parse
FN:17389,$$getAst
FN:17395,expressionInputDirtyCheck
FN:17421,inputsWatchDelegate
FN:17428,expressionInputWatch
FN:17445,expressionInputsWatch
FN:17464,oneTimeWatchDelegate
FN:17486,unwatchIfDone
FN:17492,oneTimeWatch
FN:17501,isAllDefined
FN:17503,(anonymous_925)
FN:17509,constantWatchDelegate
FN:17510,constantWatch
FN:17517,addWatchDelegate
FN:17529,chainInterceptors
FN:17530,chainedInterceptor
FN:17539,addInterceptor
FN:17551,interceptedExpression
FN:17573,(anonymous_933)
FN:17577,depurifier
FN:17813,$QProvider
FN:17815,(anonymous_936)
FN:17816,(anonymous_937)
FN:17834,(anonymous_938)
FN:17845,$$QProvider
FN:17847,(anonymous_940)
FN:17848,(anonymous_941)
FN:17853,(anonymous_942)
FN:17873,qFactory
FN:17888,defer
FN:17892,Deferred
FN:17895,(anonymous_946)
FN:17896,(anonymous_947)
FN:17897,(anonymous_948)
FN:17901,Promise
FN:17906,(anonymous_950)
FN:17919,(anonymous_951)
FN:17923,(anonymous_952)
FN:17924,(anonymous_953)
FN:17926,(anonymous_954)
FN:17932,processQueue
FN:17967,processChecks
FN:17983,scheduleProcessQueue
FN:17993,(anonymous_958)
FN:17996,resolvePromise
FN:18009,$$resolve
FN:18026,doResolve
FN:18031,doReject
FN:18036,doNotify
FN:18041,rejectPromise
FN:18046,$$reject
FN:18052,notifyPromise
FN:18056,(anonymous_967)
FN:18107,reject
FN:18113,handleCallback
FN:18121,(anonymous_970)
FN:18147,when
FN:18185,all
FN:18190,(anonymous_973)
FN:18192,(anonymous_974)
FN:18195,(anonymous_975)
FN:18221,race
FN:18224,(anonymous_977)
FN:18231,$Q
FN:18238,resolveFn
FN:18242,rejectFn
FN:18265,isStateExceptionHandled
FN:18268,markQStateExceptionHandled
FN:18271,markQExceptionHandled
FN:18282,$$RAFProvider
FN:18283,(anonymous_985)
FN:18293,(anonymous_986)
FN:18295,(anonymous_987)
FN:18299,(anonymous_988)
FN:18301,(anonymous_989)
FN:18381,$RootScopeProvider
FN:18387,(anonymous_991)
FN:18394,createChildScopeClass
FN:18395,ChildScope
FN:18410,(anonymous_994)
FN:18412,destroyChildScope
FN:18416,cleanUpScope
FN:18484,Scope
FN:18553,(anonymous_998)
FN:18706,(anonymous_999)
FN:18735,deregisterWatch
FN:18772,(anonymous_1001)
FN:18783,(anonymous_1002)
FN:18786,deregisterWatchGroup
FN:18793,watchGroupAction
FN:18800,(anonymous_1005)
FN:18801,watchGroupSubAction
FN:18811,watchGroupAction
FN:18828,deregisterWatchGroup
FN:18891,(anonymous_1009)
FN:18915,$watchCollectionInterceptor
FN:18997,$watchCollectionAction
FN:19080,(anonymous_1012)
FN:19248,(anonymous_1013)
FN:19277,(anonymous_1014)
FN:19291,(anonymous_1015)
FN:19329,(anonymous_1016)
FN:19356,(anonymous_1017)
FN:19392,(anonymous_1018)
FN:19426,(anonymous_1019)
FN:19430,(anonymous_1020)
FN:19440,(anonymous_1021)
FN:19488,(anonymous_1022)
FN:19526,(anonymous_1023)
FN:19534,$applyAsyncExpression
FN:19566,(anonymous_1025)
FN:19582,(anonymous_1026)
FN:19617,(anonymous_1027)
FN:19625,(anonymous_1028)
FN:19626,(anonymous_1029)
FN:19688,(anonymous_1030)
FN:19695,(anonymous_1031)
FN:19756,beginPhase
FN:19764,clearPhase
FN:19768,incrementWatchersCount
FN:19774,decrementListenerCount
FN:19788,initWatchVal
FN:19790,flushApplyAsync
FN:19801,scheduleApplyAsync
FN:19803,(anonymous_1039)
FN:19831,$$SanitizeUriProvider
FN:19856,(anonymous_1041)
FN:19886,(anonymous_1042)
FN:19894,(anonymous_1043)
FN:19895,sanitizeUri
FN:19950,snakeToCamel
FN:19955,adjustMatcher
FN:19983,adjustMatchers
FN:19986,(anonymous_1048)
FN:20084,$SceDelegateProvider
FN:20115,(anonymous_1050)
FN:20147,(anonymous_1051)
FN:20154,(anonymous_1052)
FN:20156,htmlSanitizer
FN:20165,matchUrl
FN:20174,isResourceUrlAllowedByPolicy
FN:20196,generateHolderType
FN:20197,TrustedValueHolderType
FN:20198,(anonymous_1058)
FN:20205,sceValueOf
FN:20208,sceToString
FN:20248,trustAs
FN:20286,valueOf
FN:20327,getTrusted
FN:20680,$SceProvider
FN:20694,(anonymous_1065)
FN:20748,(anonymous_1066)
FN:20773,(anonymous_1067)
FN:20781,(anonymous_1068)
FN:20804,sceParseAs
FN:20809,(anonymous_1070)
FN:21072,(anonymous_1071)
FN:21074,(anonymous_1072)
FN:21077,(anonymous_1073)
FN:21080,(anonymous_1074)
FN:21106,$SnifferProvider
FN:21107,(anonymous_1076)
FN:21148,(anonymous_1077)
FN:21187,$$TaskTrackerFactoryProvider
FN:21188,(anonymous_1079)
FN:21191,TaskTracker
FN:21227,completeTask
FN:21254,decTaskCount
FN:21262,getLastCallback
FN:21267,getLastCallbackForType
FN:21277,incTaskCount
FN:21283,notifyWhenNoPendingTasks
FN:21306,$TemplateRequestProvider
FN:21323,(anonymous_1088)
FN:21360,(anonymous_1089)
FN:21362,handleRequestFn
FN:21377,(anonymous_1091)
FN:21388,(anonymous_1092)
FN:21391,(anonymous_1093)
FN:21395,handleError
FN:21416,$$TestabilityProvider
FN:21418,(anonymous_1096)
FN:21441,(anonymous_1097)
FN:21444,(anonymous_1098)
FN:21447,(anonymous_1099)
FN:21476,(anonymous_1100)
FN:21495,(anonymous_1101)
FN:21508,(anonymous_1102)
FN:21531,(anonymous_1103)
FN:21542,$TimeoutProvider
FN:21544,(anonymous_1105)
FN:21578,timeout
FN:21591,(anonymous_1107)
FN:21623,(anonymous_1108)
FN:21712,urlResolve
FN:21755,urlIsSameOrigin
FN:21769,urlIsSameOriginAsBaseUrl
FN:21782,urlIsAllowedOriginFactory
FN:21795,urlIsAllowedOrigin
FN:21811,urlsAreSameOrigin
FN:21823,getBaseUrl
FN:21882,$WindowProvider
FN:21895,$$CookieReader
FN:21900,safeGetCookie
FN:21908,safeDecodeURIComponent
FN:21916,(anonymous_1120)
FN:21946,$$CookieReaderProvider
FN:22057,$FilterProvider
FN:22076,register
FN:22079,(anonymous_1124)
FN:22089,(anonymous_1125)
FN:22090,(anonymous_1126)
FN:22257,filterFilter
FN:22258,(anonymous_1128)
FN:22294,createPredicateFn
FN:22301,(anonymous_1130)
FN:22321,(anonymous_1131)
FN:22331,deepCompare
FN:22340,(anonymous_1133)
FN:22383,getTypeForFilter
FN:22444,currencyFilter
FN:22446,(anonymous_1136)
FN:22521,numberFilter
FN:22523,(anonymous_1138)
FN:22546,parse
FN:22601,roundNumber
FN:22647,(anonymous_1141)
FN:22676,formatNumber
FN:22697,(anonymous_1143)
FN:22742,padNumber
FN:22761,dateGetter
FN:22763,(anonymous_1146)
FN:22773,dateStrGetter
FN:22774,(anonymous_1148)
FN:22783,timeZoneGetter
FN:22793,getFirstThursdayOfYear
FN:22801,getThursdayThisWeek
FN:22807,weekGetter
FN:22808,(anonymous_1153)
FN:22819,ampmGetter
FN:22823,eraGetter
FN:22827,longEraGetter
FN:22965,dateFilter
FN:22970,jsonStringToDate
FN:22995,(anonymous_1159)
FN:23030,(anonymous_1160)
FN:23072,jsonFilter
FN:23073,(anonymous_1162)
FN:23221,limitToFilter
FN:23222,(anonymous_1164)
FN:23248,sliceFn
FN:23814,orderByFilter
FN:23815,(anonymous_1167)
FN:23837,(anonymous_1168)
FN:23841,getComparisonObject
FN:23848,(anonymous_1170)
FN:23854,doComparison
FN:23866,processPredicates
FN:23867,(anonymous_1173)
FN:23881,(anonymous_1174)
FN:23889,isPrimitive
FN:23900,objectValue
FN:23915,getPredicateValue
FN:23925,defaultCompare
FN:23960,ngDirective
FN:23983,(anonymous_1180)
FN:23985,(anonymous_1181)
FN:23992,(anonymous_1182)
FN:24352,(anonymous_1183)
FN:24356,defaultLinkFn
FN:24357,ngBooleanAttrWatchAction
FN:24366,(anonymous_1186)
FN:24374,(anonymous_1187)
FN:24384,(anonymous_1188)
FN:24385,(anonymous_1189)
FN:24388,(anonymous_1190)
FN:24399,ngAttrAliasWatchAction
FN:24408,(anonymous_1192)
FN:24410,(anonymous_1193)
FN:24413,(anonymous_1194)
FN:24428,(anonymous_1195)
FN:24466,nullFormRenameControl
FN:24520,FormController
FN:24553,(anonymous_1198)
FN:24554,(anonymous_1199)
FN:24570,(anonymous_1200)
FN:24571,(anonymous_1201)
FN:24597,(anonymous_1202)
FN:24630,(anonymous_1203)
FN:24635,(anonymous_1204)
FN:24661,(anonymous_1205)
FN:24665,(anonymous_1206)
FN:24669,(anonymous_1207)
FN:24673,(anonymous_1208)
FN:24692,(anonymous_1209)
FN:24716,(anonymous_1210)
FN:24721,(anonymous_1211)
FN:24739,(anonymous_1212)
FN:24740,(anonymous_1213)
FN:24753,(anonymous_1214)
FN:24761,(anonymous_1215)
FN:24764,(anonymous_1216)
FN:24798,(anonymous_1217)
FN:24809,(anonymous_1218)
FN:24986,(anonymous_1219)
FN:24987,(anonymous_1220)
FN:24993,ngFormCompile
FN:25000,ngFormPreLink
FN:25011,(anonymous_1223)
FN:25012,(anonymous_1224)
FN:25024,(anonymous_1225)
FN:25025,(anonymous_1226)
FN:25038,(anonymous_1227)
FN:25046,(anonymous_1228)
FN:25058,getSetter
FN:25074,setupValidity
FN:25078,addSetValidityMethod
FN:25083,(anonymous_1232)
FN:25131,createAndSet
FN:25138,unsetAndCleanup
FN:25147,cachedToggleClass
FN:25157,toggleValidationCss
FN:25165,isObjectEmpty
FN:25210,(anonymous_1238)
FN:26453,stringBasedInputType
FN:26454,(anonymous_1240)
FN:26459,textInputType
FN:26464,baseInputType
FN:26473,(anonymous_1243)
FN:26478,(anonymous_1244)
FN:26487,(anonymous_1245)
FN:26495,(anonymous_1246)
FN:26524,(anonymous_1247)
FN:26526,(anonymous_1248)
FN:26535,(anonymous_1249)
FN:26560,(anonymous_1250)
FN:26565,(anonymous_1251)
FN:26575,(anonymous_1252)
FN:26584,weekParser
FN:26616,createDateParser
FN:26617,(anonymous_1255)
FN:26653,(anonymous_1256)
FN:26674,createDateInputType
FN:26675,dynamicDateInputType
FN:26683,(anonymous_1259)
FN:26696,(anonymous_1260)
FN:26721,(anonymous_1261)
FN:26724,(anonymous_1262)
FN:26737,(anonymous_1263)
FN:26740,(anonymous_1264)
FN:26749,isValidDate
FN:26754,parseObservedDateValue
FN:26758,parseDateAndConvertTimeZoneToLocal
FN:26775,formatter
FN:26795,badInputChecker
FN:26799,(anonymous_1270)
FN:26811,numberFormatterParser
FN:26812,(anonymous_1272)
FN:26820,(anonymous_1273)
FN:26831,parseNumberAttrVal
FN:26838,isNumberInteger
FN:26846,countDecimals
FN:26866,isValidForStep
FN:26897,numberInputType
FN:26908,(anonymous_1279)
FN:26912,(anonymous_1280)
FN:26926,(anonymous_1281)
FN:26930,(anonymous_1282)
FN:26944,(anonymous_1283)
FN:26949,(anonymous_1284)
FN:26962,rangeInputType
FN:26981,rangeRender
FN:26992,noopMinValidator
FN:26994,minValidator
FN:27006,noopMaxValidator
FN:27008,maxValidator
FN:27019,nativeStepValidator
FN:27026,stepValidator
FN:27034,setInitialValueAndObserver
FN:27040,wrappedObserver
FN:27048,minChange
FN:27069,maxChange
FN:27091,stepChange
FN:27108,urlInputType
FN:27114,(anonymous_1299)
FN:27120,emailInputType
FN:27126,(anonymous_1301)
FN:27132,radioInputType
FN:27139,(anonymous_1303)
FN:27152,(anonymous_1304)
FN:27163,parseConstantExpr
FN:27176,checkboxInputType
FN:27180,(anonymous_1307)
FN:27186,(anonymous_1308)
FN:27193,(anonymous_1309)
FN:27197,(anonymous_1310)
FN:27201,(anonymous_1311)
FN:27395,(anonymous_1312)
FN:27400,(anonymous_1313)
FN:27411,(anonymous_1314)
FN:27415,(anonymous_1315)
FN:27418,(anonymous_1316)
FN:27426,(anonymous_1317)
FN:27432,(anonymous_1318)
FN:27512,(anonymous_1319)
FN:27519,updateElementValue
FN:27530,(anonymous_1321)
FN:27532,ngValueConstantLink
FN:27537,ngValueLink
FN:27538,valueWatchAction
FN:27598,(anonymous_1325)
FN:27601,ngBindCompile
FN:27603,ngBindLink
FN:27606,ngBindWatchAction
FN:27666,(anonymous_1329)
FN:27668,ngBindTemplateCompile
FN:27670,ngBindTemplateLink
FN:27674,(anonymous_1332)
FN:27730,(anonymous_1333)
FN:27733,ngBindHtmlCompile
FN:27735,sceValueOf
FN:27741,ngBindHtmlLink
FN:27744,ngBindHtmlWatchAction
FN:27825,(anonymous_1338)
FN:27826,(anonymous_1339)
FN:27838,classDirective
FN:27842,(anonymous_1341)
FN:27845,(anonymous_1342)
FN:27859,moduloTwo
FN:27870,addClasses
FN:27875,removeClasses
FN:27880,updateClasses
FN:27894,digestClassCounts
FN:27897,(anonymous_1348)
FN:27909,ngClassIndexWatchAction
FN:27922,ngClassWatchAction
FN:27934,arrayDifference
FN:27952,split
FN:27956,toClassString
FN:27965,(anonymous_1354)
FN:28435,(anonymous_1355)
FN:28665,(anonymous_1356)
FN:28931,(anonymous_1357)
FN:28933,(anonymous_1358)
FN:28939,createEventDirective
FN:28942,(anonymous_1360)
FN:28948,ngEventHandler
FN:28949,(anonymous_1362)
FN:28950,(anonymous_1363)
FN:29473,(anonymous_1364)
FN:29481,(anonymous_1365)
FN:29483,ngIfWatchAction
FN:29487,(anonymous_1367)
FN:29510,(anonymous_1368)
FN:29706,(anonymous_1369)
FN:29713,(anonymous_1370)
FN:29718,(anonymous_1371)
FN:29724,(anonymous_1372)
FN:29734,(anonymous_1373)
FN:29742,ngIncludeWatchAction
FN:29743,(anonymous_1375)
FN:29754,(anonymous_1376)
FN:29767,(anonymous_1377)
FN:29777,(anonymous_1378)
FN:29802,(anonymous_1379)
FN:29807,(anonymous_1380)
FN:29814,namespaceAdaptedClone
FN:29891,(anonymous_1382)
FN:29893,(anonymous_1383)
FN:29989,(anonymous_1384)
FN:29994,(anonymous_1385)
FN:29999,(anonymous_1386)
FN:30006,(anonymous_1387)
FN:30015,(anonymous_1388)
FN:30024,(anonymous_1389)
FN:30282,NgModelController
FN:30332,(anonymous_1391)
FN:30337,(anonymous_1392)
FN:30344,(anonymous_1393)
FN:30398,(anonymous_1394)
FN:30403,(anonymous_1395)
FN:30424,(anonymous_1396)
FN:30442,(anonymous_1397)
FN:30462,(anonymous_1398)
FN:30479,(anonymous_1399)
FN:30574,(anonymous_1400)
FN:30592,(anonymous_1401)
FN:30612,(anonymous_1402)
FN:30629,(anonymous_1403)
FN:30645,processParseErrors
FN:30652,(anonymous_1405)
FN:30655,(anonymous_1406)
FN:30667,processSyncValidators
FN:30669,(anonymous_1408)
FN:30675,(anonymous_1409)
FN:30683,processAsyncValidators
FN:30686,(anonymous_1411)
FN:30693,(anonymous_1412)
FN:30695,(anonymous_1413)
FN:30703,(anonymous_1414)
FN:30709,setValidity
FN:30715,validationDone
FN:30734,(anonymous_1417)
FN:30755,(anonymous_1418)
FN:30790,(anonymous_1419)
FN:30801,writeToModelIfNeeded
FN:30808,(anonymous_1421)
FN:30810,(anonymous_1422)
FN:30871,(anonymous_1423)
FN:30878,(anonymous_1424)
FN:30894,(anonymous_1425)
FN:30900,(anonymous_1426)
FN:30935,(anonymous_1427)
FN:31051,(anonymous_1428)
FN:31066,(anonymous_1429)
FN:31081,(anonymous_1430)
FN:31087,(anonymous_1431)
FN:31098,(anonymous_1432)
FN:31103,setupModelWatcher
FN:31112,ngModelWatch
FN:31154,(anonymous_1435)
FN:31157,(anonymous_1436)
FN:31351,(anonymous_1437)
FN:31360,ngModelCompile
FN:31365,ngModelPreLink
FN:31379,(anonymous_1440)
FN:31385,(anonymous_1441)
FN:31389,ngModelPostLink
FN:31393,setTouched
FN:31397,(anonymous_1444)
FN:31422,ModelOptions
FN:31436,(anonymous_1446)
FN:31446,(anonymous_1447)
FN:31453,(anonymous_1448)
FN:31469,(anonymous_1449)
FN:31956,(anonymous_1450)
FN:31958,NgModelOptionsController
FN:31963,(anonymous_1452)
FN:31983,defaults
FN:31984,(anonymous_1454)
FN:32272,(anonymous_1455)
FN:32274,parseOptionsExpression
FN:32306,(anonymous_1457)
FN:32307,getHashOfValue
FN:32308,(anonymous_1459)
FN:32318,(anonymous_1460)
FN:32322,(anonymous_1461)
FN:32328,Option
FN:32336,getOptionValuesKeys
FN:32356,(anonymous_1464)
FN:32388,(anonymous_1465)
FN:32417,(anonymous_1466)
FN:32420,(anonymous_1467)
FN:32437,ngOptionsPostLink
FN:32469,(anonymous_1469)
FN:32476,writeNgOptionsValue
FN:32506,readNgOptionsValue
FN:32523,(anonymous_1472)
FN:32524,(anonymous_1473)
FN:32530,writeNgOptionsMultiple
FN:32538,(anonymous_1475)
FN:32546,readNgOptionsMultiple
FN:32550,(anonymous_1477)
FN:32562,(anonymous_1478)
FN:32564,(anonymous_1479)
FN:32568,(anonymous_1480)
FN:32590,(anonymous_1481)
FN:32598,(anonymous_1482)
FN:32622,addOptionElement
FN:32628,getAndUpdateSelectedOption
FN:32637,updateOptionElement
FN:32653,updateOptions
FN:32677,addOption
FN:32729,ngOptionsPreLink
FN:32915,(anonymous_1489)
FN:32920,(anonymous_1490)
FN:32932,(anonymous_1491)
FN:32939,(anonymous_1492)
FN:32944,ngPluralizeWatchAction
FN:32972,updateElementText
FN:33221,(anonymous_1495)
FN:33225,(anonymous_1496)
FN:33231,(anonymous_1497)
FN:33235,(anonymous_1498)
FN:33262,(anonymous_1499)
FN:33704,(anonymous_1500)
FN:33708,(anonymous_1501)
FN:33720,(anonymous_1502)
FN:33724,(anonymous_1503)
FN:33728,(anonymous_1504)
FN:33732,(anonymous_1505)
FN:33743,ngRepeatCompile
FN:33780,(anonymous_1507)
FN:33789,ngRepeatLink
FN:33802,ngRepeatAction
FN:33853,(anonymous_1510)
FN:33912,ngRepeatTransclude
FN:34138,(anonymous_1512)
FN:34142,(anonymous_1513)
FN:34143,ngShowWatchAction
FN:34357,(anonymous_1515)
FN:34361,(anonymous_1516)
FN:34362,ngHideWatchAction
FN:34424,(anonymous_1518)
FN:34425,ngStyleWatchAction
FN:34430,(anonymous_1520)
FN:34577,(anonymous_1521)
FN:34582,NgSwitchController
FN:34585,(anonymous_1523)
FN:34592,(anonymous_1524)
FN:34593,(anonymous_1525)
FN:34598,ngSwitchWatchAction
FN:34617,(anonymous_1527)
FN:34618,(anonymous_1528)
FN:34639,(anonymous_1529)
FN:34643,(anonymous_1530)
FN:34646,(anonymous_1531)
FN:34658,(anonymous_1532)
FN:34823,(anonymous_1533)
FN:34826,ngTranscludeCompile
FN:34832,ngTranscludePostLink
FN:34857,ngTranscludeCloneAttachFn
FN:34868,useFallbackContent
FN:34871,(anonymous_1538)
FN:34876,notWhitespace
FN:34922,(anonymous_1540)
FN:34926,(anonymous_1541)
FN:34941,setOptionSelectedStatus
FN:35089,(anonymous_1543)
FN:35119,(anonymous_1544)
FN:35127,(anonymous_1545)
FN:35134,(anonymous_1546)
FN:35138,(anonymous_1547)
FN:35142,(anonymous_1548)
FN:35149,(anonymous_1549)
FN:35155,(anonymous_1550)
FN:35162,readSingleValue
FN:35177,writeSingleValue
FN:35199,(anonymous_1553)
FN:35216,(anonymous_1554)
FN:35232,(anonymous_1555)
FN:35246,(anonymous_1556)
FN:35260,(anonymous_1557)
FN:35275,(anonymous_1558)
FN:35279,(anonymous_1559)
FN:35291,scheduleRender
FN:35294,(anonymous_1561)
FN:35301,scheduleViewValueUpdate
FN:35306,(anonymous_1563)
FN:35316,(anonymous_1564)
FN:35321,valueAttributeObserveAction
FN:35348,valueAttributeObserveAction
FN:35368,interpolateWatchAction
FN:35386,(anonymous_1568)
FN:35401,(anonymous_1569)
FN:35676,(anonymous_1570)
FN:35689,selectPreLink
FN:35707,(anonymous_1572)
FN:35709,(anonymous_1573)
FN:35722,readMultipleValue
FN:35724,(anonymous_1575)
FN:35734,writeMultipleValue
FN:35735,(anonymous_1577)
FN:35757,selectMultipleWatch
FN:35767,(anonymous_1579)
FN:35774,selectPostLink
FN:35786,(anonymous_1581)
FN:35796,(anonymous_1582)
FN:35800,(anonymous_1583)
FN:35817,(anonymous_1584)
FN:35896,(anonymous_1585)
FN:35900,(anonymous_1586)
FN:35911,(anonymous_1587)
FN:35915,(anonymous_1588)
FN:36007,(anonymous_1589)
FN:36011,(anonymous_1590)
FN:36022,(anonymous_1591)
FN:36028,(anonymous_1592)
FN:36041,(anonymous_1593)
FN:36051,(anonymous_1594)
FN:36132,(anonymous_1595)
FN:36136,(anonymous_1596)
FN:36142,(anonymous_1597)
FN:36149,(anonymous_1598)
FN:36225,(anonymous_1599)
FN:36229,(anonymous_1600)
FN:36235,(anonymous_1601)
FN:36243,(anonymous_1602)
FN:36251,parsePatternAttr
FN:36267,parseLength
FN:36286,(anonymous_1605)
FN:36288,getDecimals
FN:36294,getVF
FN:36425,(anonymous_1608)
FN:36429,(anonymous_1609)
FNF:1610
FNH:248
FNDA:1,(anonymous_0)
FNDA:0,errorHandlingConfig
FNDA:1,isValidObjectMaxDepth
FNDA:27,minErr
FNDA:0,(anonymous_4)
FNDA:0,(anonymous_5)
FNDA:0,(anonymous_6)
FNDA:233,(anonymous_7)
FNDA:0,(anonymous_8)
FNDA:17,isArrayLike
FNDA:53,forEach
FNDA:0,forEachSorted
FNDA:7,reverseParams
FNDA:131,(anonymous_13)
FNDA:2,nextUid
FNDA:15,setHashKey
FNDA:14,baseExtend
FNDA:14,extend
FNDA:0,merge
FNDA:2,toInt
FNDA:0,isNumberNaN
FNDA:0,inherit
FNDA:1,noop
FNDA:0,identity
FNDA:15,valueFn
FNDA:3,valueRef
FNDA:0,hasCustomToString
FNDA:21,isUndefined
FNDA:14,isDefined
FNDA:167,isObject
FNDA:16,isBlankObject
FNDA:355,isString
FNDA:18,isNumber
FNDA:0,isDate
FNDA:344,isArray
FNDA:0,isError
FNDA:286,isFunction
FNDA:0,isRegExp
FNDA:18,isWindow
FNDA:1,isScope
FNDA:0,isFile
FNDA:0,isFormData
FNDA:0,isBlob
FNDA:48,isBoolean
FNDA:0,isPromiseLike
FNDA:0,isTypedArray
FNDA:0,isArrayBuffer
FNDA:0,(anonymous_47)
FNDA:0,(anonymous_48)
FNDA:0,isElement
FNDA:1,makeMap
FNDA:0,nodeName_
FNDA:0,includes
FNDA:0,arrayRemove
FNDA:1,copy
FNDA:0,(anonymous_55)
FNDA:1,copyRecurse
FNDA:5,copyElement
FNDA:1,copyType
FNDA:0,simpleCompare
FNDA:0,equals
FNDA:3,(anonymous_61)
FNDA:1,noUnsafeEval
FNDA:1,(anonymous_63)
FNDA:0,concat
FNDA:0,sliceArgs
FNDA:1,bind
FNDA:0,(anonymous_67)
FNDA:0,(anonymous_68)
FNDA:0,toJsonReplacer
FNDA:0,toJson
FNDA:0,fromJson
FNDA:0,timezoneToOffset
FNDA:0,addDateMinutes
FNDA:0,convertTimezoneToLocal
FNDA:0,startingTag
FNDA:0,(anonymous_76)
FNDA:0,tryDecodeURIComponent
FNDA:1,parseKeyValue
FNDA:1,(anonymous_79)
FNDA:1,toKeyValue
FNDA:0,(anonymous_81)
FNDA:0,(anonymous_82)
FNDA:1,encodeUriSegment
FNDA:1,encodeUriQuery
FNDA:0,getNgAttribute
FNDA:1,allowAutoBootstrap
FNDA:3,(anonymous_87)
FNDA:1,angularInit
FNDA:4,(anonymous_89)
FNDA:4,(anonymous_90)
FNDA:0,bootstrap
FNDA:0,(anonymous_92)
FNDA:0,(anonymous_93)
FNDA:0,(anonymous_94)
FNDA:0,bootstrapApply
FNDA:0,(anonymous_96)
FNDA:0,(anonymous_97)
FNDA:0,(anonymous_98)
FNDA:0,reloadWithDebugInfo
FNDA:0,getTestability
FNDA:0,snake_case
FNDA:0,(anonymous_102)
FNDA:1,bindJQuery
FNDA:1,(anonymous_104)
FNDA:224,assertArg
FNDA:39,assertArgFn
FNDA:247,assertNotHasOwnProperty
FNDA:0,getter
FNDA:0,getBlockNodes
FNDA:10,createMap
FNDA:0,stringify
FNDA:1,setupModuleLoader
FNDA:28,ensure
FNDA:1,(anonymous_114)
FNDA:26,module
FNDA:26,(anonymous_116)
FNDA:12,(anonymous_117)
FNDA:10,(anonymous_118)
FNDA:1,(anonymous_119)
FNDA:36,invokeLater
FNDA:7,(anonymous_121)
FNDA:108,invokeLaterAndSetModuleName
FNDA:24,(anonymous_123)
FNDA:4,shallowCopy
FNDA:0,serializeObject
FNDA:0,(anonymous_126)
FNDA:0,toDebugString
FNDA:1,publishExternalAPI
FNDA:1,ngModule
FNDA:0,(anonymous_130)
FNDA:0,jqNextId
FNDA:0,cssKebabToCamel
FNDA:42,fnCamelCaseReplace
FNDA:0,kebabToCamel
FNDA:0,jqLiteIsTextNode
FNDA:0,jqLiteAcceptsData
FNDA:0,jqLiteHasData
FNDA:0,jqLiteBuildFragment
FNDA:0,(anonymous_139)
FNDA:0,jqLiteParseHTML
FNDA:0,jqLiteWrapNode
FNDA:0,(anonymous_142)
FNDA:0,JQLite
FNDA:0,jqLiteClone
FNDA:0,jqLiteDealoc
FNDA:0,isEmptyObject
FNDA:0,removeIfEmptyData
FNDA:0,jqLiteOff
FNDA:0,(anonymous_149)
FNDA:0,(anonymous_150)
FNDA:0,jqLiteRemoveData
FNDA:0,jqLiteExpandoStore
FNDA:0,jqLiteData
FNDA:0,jqLiteHasClass
FNDA:0,jqLiteRemoveClass
FNDA:0,(anonymous_156)
FNDA:0,jqLiteAddClass
FNDA:0,(anonymous_158)
FNDA:0,jqLiteAddNodes
FNDA:0,jqLiteController
FNDA:0,jqLiteInheritedData
FNDA:0,jqLiteEmpty
FNDA:0,jqLiteRemove
FNDA:0,jqLiteDocumentLoaded
FNDA:0,jqLiteReady
FNDA:0,trigger
FNDA:0,(anonymous_167)
FNDA:0,(anonymous_168)
FNDA:0,(anonymous_169)
FNDA:7,(anonymous_170)
FNDA:7,(anonymous_171)
FNDA:0,getBooleanAttrName
FNDA:0,getAliasedAttrName
FNDA:0,jqLiteCleanData
FNDA:4,(anonymous_175)
FNDA:0,(anonymous_176)
FNDA:0,(anonymous_177)
FNDA:0,(anonymous_178)
FNDA:0,(anonymous_179)
FNDA:0,(anonymous_180)
FNDA:0,(anonymous_181)
FNDA:0,(anonymous_182)
FNDA:1,(anonymous_183)
FNDA:0,getText
FNDA:0,(anonymous_185)
FNDA:0,(anonymous_186)
FNDA:0,(anonymous_187)
FNDA:15,(anonymous_188)
FNDA:0,(anonymous_189)
FNDA:0,createEventHandler
FNDA:0,(anonymous_191)
FNDA:0,(anonymous_192)
FNDA:0,(anonymous_193)
FNDA:0,(anonymous_194)
FNDA:0,defaultHandlerWrapper
FNDA:0,specialMouseHandlerWrapper
FNDA:0,jqLiteOn
FNDA:0,(anonymous_198)
FNDA:0,(anonymous_199)
FNDA:0,onFn
FNDA:0,(anonymous_201)
FNDA:0,(anonymous_202)
FNDA:0,(anonymous_203)
FNDA:0,(anonymous_204)
FNDA:0,(anonymous_205)
FNDA:0,(anonymous_206)
FNDA:0,(anonymous_207)
FNDA:0,(anonymous_208)
FNDA:0,(anonymous_209)
FNDA:0,(anonymous_210)
FNDA:0,(anonymous_211)
FNDA:0,(anonymous_212)
FNDA:0,(anonymous_213)
FNDA:0,(anonymous_214)
FNDA:0,(anonymous_215)
FNDA:0,(anonymous_216)
FNDA:0,(anonymous_217)
FNDA:0,(anonymous_218)
FNDA:0,(anonymous_219)
FNDA:0,(anonymous_220)
FNDA:0,(anonymous_221)
FNDA:0,(anonymous_222)
FNDA:21,(anonymous_223)
FNDA:0,(anonymous_224)
FNDA:1,$$jqLiteProvider
FNDA:0,$$jqLite
FNDA:0,(anonymous_227)
FNDA:0,(anonymous_228)
FNDA:0,(anonymous_229)
FNDA:0,hashKey
FNDA:2,NgMapShim
FNDA:25,(anonymous_232)
FNDA:25,(anonymous_233)
FNDA:14,(anonymous_234)
FNDA:0,(anonymous_235)
FNDA:11,(anonymous_236)
FNDA:0,(anonymous_237)
FNDA:1,(anonymous_238)
FNDA:0,(anonymous_239)
FNDA:50,stringifyFn
FNDA:2,extractArgs
FNDA:0,anonFn
FNDA:115,annotate
FNDA:3,(anonymous_244)
FNDA:3,(anonymous_245)
FNDA:1,createInjector
FNDA:0,(anonymous_247)
FNDA:32,(anonymous_248)
FNDA:2,(anonymous_249)
FNDA:0,(anonymous_250)
FNDA:0,(anonymous_251)
FNDA:5,supportObject
FNDA:108,(anonymous_253)
FNDA:157,provider
FNDA:90,enforceReturnValue
FNDA:0,enforcedReturnValue
FNDA:91,factory
FNDA:0,service
FNDA:0,(anonymous_259)
FNDA:1,value
FNDA:0,constant
FNDA:5,decorator
FNDA:4,(anonymous_263)
FNDA:11,loadModules
FNDA:14,(anonymous_265)
FNDA:20,runInvokeQueue
FNDA:2,createInternalInjector
FNDA:153,getService
FNDA:115,injectionArgs
FNDA:48,isClass
FNDA:48,invoke
FNDA:67,instantiate
FNDA:1,(anonymous_273)
FNDA:1,$AnchorScrollProvider
FNDA:0,(anonymous_275)
FNDA:0,(anonymous_276)
FNDA:0,getFirstAnchor
FNDA:0,(anonymous_278)
FNDA:0,getYOffset
FNDA:0,scrollTo
FNDA:0,scroll
FNDA:0,autoScrollWatch
FNDA:0,autoScrollWatchAction
FNDA:0,(anonymous_284)
FNDA:0,mergeClasses
FNDA:0,extractElementNode
FNDA:0,splitClasses
FNDA:0,(anonymous_288)
FNDA:0,prepareAnimateOptions
FNDA:1,(anonymous_290)
FNDA:1,(anonymous_291)
FNDA:0,(anonymous_292)
FNDA:0,(anonymous_293)
FNDA:0,updateData
FNDA:0,(anonymous_295)
FNDA:0,handleCSSClassChanges
FNDA:0,(anonymous_297)
FNDA:0,(anonymous_298)
FNDA:0,(anonymous_299)
FNDA:0,addRemoveClassesPostDigest
FNDA:1,(anonymous_301)
FNDA:0,(anonymous_302)
FNDA:0,(anonymous_303)
FNDA:0,(anonymous_304)
FNDA:0,(anonymous_305)
FNDA:0,domInsert
FNDA:0,(anonymous_307)
FNDA:0,(anonymous_308)
FNDA:0,(anonymous_309)
FNDA:0,(anonymous_310)
FNDA:0,(anonymous_311)
FNDA:0,(anonymous_312)
FNDA:0,(anonymous_313)
FNDA:0,(anonymous_314)
FNDA:0,(anonymous_315)
FNDA:1,(anonymous_316)
FNDA:0,(anonymous_317)
FNDA:0,waitForTick
FNDA:0,(anonymous_319)
FNDA:0,(anonymous_320)
FNDA:0,(anonymous_321)
FNDA:0,(anonymous_322)
FNDA:1,(anonymous_323)
FNDA:0,(anonymous_324)
FNDA:0,(anonymous_325)
FNDA:0,next
FNDA:0,(anonymous_327)
FNDA:0,(anonymous_328)
FNDA:0,(anonymous_329)
FNDA:0,onProgress
FNDA:0,AnimateRunner
FNDA:0,(anonymous_332)
FNDA:0,(anonymous_333)
FNDA:0,(anonymous_334)
FNDA:0,(anonymous_335)
FNDA:0,(anonymous_336)
FNDA:0,(anonymous_337)
FNDA:0,(anonymous_338)
FNDA:0,(anonymous_339)
FNDA:0,(anonymous_340)
FNDA:0,(anonymous_341)
FNDA:0,(anonymous_342)
FNDA:0,(anonymous_343)
FNDA:0,(anonymous_344)
FNDA:0,(anonymous_345)
FNDA:0,(anonymous_346)
FNDA:0,(anonymous_347)
FNDA:0,(anonymous_348)
FNDA:0,(anonymous_349)
FNDA:1,(anonymous_350)
FNDA:0,(anonymous_351)
FNDA:0,(anonymous_352)
FNDA:0,run
FNDA:0,(anonymous_354)
FNDA:0,applyAnimationContents
FNDA:0,getHash
FNDA:0,trimEmptyHash
FNDA:0,Browser
FNDA:0,getCurrentState
FNDA:0,(anonymous_360)
FNDA:0,(anonymous_361)
FNDA:0,cacheStateAndFireUrlChange
FNDA:0,cacheState
FNDA:0,fireStateOrUrlChange
FNDA:0,(anonymous_365)
FNDA:0,(anonymous_366)
FNDA:0,(anonymous_367)
FNDA:0,(anonymous_368)
FNDA:0,(anonymous_369)
FNDA:0,(anonymous_370)
FNDA:0,(anonymous_371)
FNDA:1,$BrowserProvider
FNDA:0,(anonymous_373)
FNDA:1,$CacheFactoryProvider
FNDA:1,(anonymous_375)
FNDA:2,cacheFactory
FNDA:0,(anonymous_377)
FNDA:0,(anonymous_378)
FNDA:0,(anonymous_379)
FNDA:0,(anonymous_380)
FNDA:0,(anonymous_381)
FNDA:0,(anonymous_382)
FNDA:0,refresh
FNDA:0,link
FNDA:0,(anonymous_385)
FNDA:0,(anonymous_386)
FNDA:0,(anonymous_387)
FNDA:1,$TemplateCacheProvider
FNDA:1,(anonymous_389)
FNDA:1,UNINITIALIZED_VALUE
FNDA:1,$CompileProvider
FNDA:0,parseIsolateBindings
FNDA:0,(anonymous_393)
FNDA:0,parseDirectiveBindings
FNDA:85,assertValidDirectiveName
FNDA:0,getDirectiveRequire
FNDA:0,(anonymous_397)
FNDA:0,getDirectiveRestrict
FNDA:89,registerDirective
FNDA:0,(anonymous_400)
FNDA:0,(anonymous_401)
FNDA:0,registerComponent
FNDA:0,(anonymous_403)
FNDA:0,factory
FNDA:0,makeInjectable
FNDA:0,(anonymous_406)
FNDA:0,(anonymous_407)
FNDA:0,(anonymous_408)
FNDA:0,(anonymous_409)
FNDA:0,(anonymous_410)
FNDA:0,(anonymous_411)
FNDA:0,(anonymous_412)
FNDA:0,(anonymous_413)
FNDA:0,(anonymous_414)
FNDA:0,(anonymous_415)
FNDA:0,(anonymous_416)
FNDA:1,registerNativePropertyContexts
FNDA:5,registerContext
FNDA:37,(anonymous_419)
FNDA:0,(anonymous_420)
FNDA:0,flushOnChangesQueue
FNDA:0,(anonymous_422)
FNDA:0,sanitizeSrcset
FNDA:0,Attributes
FNDA:0,(anonymous_425)
FNDA:0,(anonymous_426)
FNDA:0,(anonymous_427)
FNDA:0,(anonymous_428)
FNDA:0,(anonymous_429)
FNDA:0,(anonymous_430)
FNDA:0,(anonymous_431)
FNDA:0,(anonymous_432)
FNDA:0,setSpecialAttr
FNDA:0,safeAddClass
FNDA:0,denormalizeTemplate
FNDA:0,$$addBindingInfo
FNDA:0,$$addBindingClass
FNDA:0,$$addScopeInfo
FNDA:0,$$addScopeClass
FNDA:0,(anonymous_440)
FNDA:0,compile
FNDA:0,publicLinkFn
FNDA:0,detectNamespaceForChildElements
FNDA:0,compileNodes
FNDA:0,compositeLinkFn
FNDA:0,mergeConsecutiveTextNodes
FNDA:0,createBoundTranscludeFn
FNDA:0,boundTranscludeFn
FNDA:0,collectDirectives
FNDA:0,(anonymous_450)
FNDA:0,collectCommentDirectives
FNDA:0,groupScan
FNDA:0,groupElementsLinkFnWrapper
FNDA:0,groupedElementsLink
FNDA:0,compilationGenerator
FNDA:0,lazyCompilation
FNDA:0,applyDirectivesToNode
FNDA:0,(anonymous_458)
FNDA:0,(anonymous_459)
FNDA:0,(anonymous_460)
FNDA:0,addLinkFns
FNDA:0,nodeLinkFn
FNDA:0,(anonymous_463)
FNDA:0,(anonymous_464)
FNDA:0,(anonymous_465)
FNDA:0,(anonymous_466)
FNDA:0,callOnDestroyHook
FNDA:0,(anonymous_468)
FNDA:0,controllersBoundTransclude
FNDA:0,getControllers
FNDA:0,(anonymous_471)
FNDA:0,setupControllers
FNDA:0,markDirectiveScope
FNDA:0,addDirective
FNDA:0,directiveIsMultiElement
FNDA:0,mergeTemplateAttributes
FNDA:0,(anonymous_477)
FNDA:0,(anonymous_478)
FNDA:0,compileTemplateUrl
FNDA:0,(anonymous_480)
FNDA:0,(anonymous_481)
FNDA:0,(anonymous_482)
FNDA:0,delayedNodeLinkFn
FNDA:0,byPriority
FNDA:0,assertNoDuplicate
FNDA:0,wrapModuleNameIfDefined
FNDA:0,addTextInterpolateDirective
FNDA:0,textInterpolateCompileFn
FNDA:0,textInterpolateLinkFn
FNDA:0,interpolateFnWatchAction
FNDA:0,wrapTemplate
FNDA:0,getTrustedAttrContext
FNDA:0,getTrustedPropContext
FNDA:0,sanitizeSrcsetPropertyValue
FNDA:0,addPropertyDirective
FNDA:0,ngPropCompileFn
FNDA:0,sceValueOf
FNDA:0,ngPropPreLinkFn
FNDA:0,applyPropValue
FNDA:0,addEventDirective
FNDA:0,addAttrInterpolateDirective
FNDA:0,(anonymous_502)
FNDA:0,attrInterpolatePreLinkFn
FNDA:0,interpolateFnWatchAction
FNDA:0,replaceWith
FNDA:0,cloneAndAnnotateFn
FNDA:0,(anonymous_507)
FNDA:0,invokeLinkFn
FNDA:0,strictBindingsCheck
FNDA:0,initializeDirectiveBindings
FNDA:0,initializeBinding
FNDA:0,(anonymous_512)
FNDA:0,(anonymous_513)
FNDA:0,parentValueWatch
FNDA:0,parentValueWatchAction
FNDA:0,(anonymous_516)
FNDA:0,recordChanges
FNDA:0,triggerOnChangesHook
FNDA:0,removeWatches
FNDA:0,SimpleChange
FNDA:0,(anonymous_521)
FNDA:27,directiveNormalize
FNDA:27,(anonymous_523)
FNDA:0,nodesetLinkingFn
FNDA:0,directiveLinkingFn
FNDA:0,tokenDifference
FNDA:0,removeComments
FNDA:0,identifierForController
FNDA:1,$ControllerProvider
FNDA:0,(anonymous_530)
FNDA:1,(anonymous_531)
FNDA:1,(anonymous_532)
FNDA:1,$controller
FNDA:0,$controllerInit
FNDA:0,addIdentifier
FNDA:1,$DocumentProvider
FNDA:1,(anonymous_537)
FNDA:1,$$IsDocumentHiddenProvider
FNDA:0,(anonymous_539)
FNDA:0,(anonymous_540)
FNDA:0,changeListener
FNDA:0,(anonymous_542)
FNDA:1,$ExceptionHandlerProvider
FNDA:0,(anonymous_544)
FNDA:0,(anonymous_545)
FNDA:1,(anonymous_546)
FNDA:0,(anonymous_547)
FNDA:0,(anonymous_548)
FNDA:0,serializeValue
FNDA:1,$HttpParamSerializerProvider
FNDA:1,(anonymous_551)
FNDA:0,ngParamSerializer
FNDA:0,(anonymous_553)
FNDA:0,(anonymous_554)
FNDA:1,$HttpParamSerializerJQLikeProvider
FNDA:0,(anonymous_556)
FNDA:0,jQueryLikeParamSerializer
FNDA:0,serialize
FNDA:0,(anonymous_559)
FNDA:0,(anonymous_560)
FNDA:0,defaultHttpResponseTransform
FNDA:0,isJsonLike
FNDA:0,parseHeaders
FNDA:0,fillInParsed
FNDA:0,(anonymous_565)
FNDA:0,(anonymous_566)
FNDA:0,headersGetter
FNDA:0,(anonymous_568)
FNDA:0,transformData
FNDA:0,(anonymous_570)
FNDA:0,isSuccess
FNDA:1,$HttpProvider
FNDA:0,(anonymous_573)
FNDA:0,(anonymous_574)
FNDA:1,(anonymous_575)
FNDA:0,(anonymous_576)
FNDA:0,$http
FNDA:0,(anonymous_578)
FNDA:0,chainInterceptors
FNDA:0,completeOutstandingRequest
FNDA:0,executeHeaderFns
FNDA:0,(anonymous_582)
FNDA:0,mergeHeaders
FNDA:0,serverRequest
FNDA:0,(anonymous_585)
FNDA:0,transformResponse
FNDA:1,createShortMethods
FNDA:4,(anonymous_588)
FNDA:0,(anonymous_589)
FNDA:1,createShortMethodsWithData
FNDA:3,(anonymous_591)
FNDA:0,(anonymous_592)
FNDA:0,sendReq
FNDA:0,createApplyHandlers
FNDA:0,(anonymous_595)
FNDA:0,(anonymous_596)
FNDA:0,callEventHandler
FNDA:0,done
FNDA:0,resolveHttpPromise
FNDA:0,resolvePromise
FNDA:0,resolvePromiseWithResult
FNDA:0,removePendingReq
FNDA:0,buildUrl
FNDA:0,sanitizeJsonpCallbackParam
FNDA:0,(anonymous_605)
FNDA:1,$xhrFactoryProvider
FNDA:1,(anonymous_607)
FNDA:0,createXhr
FNDA:1,$HttpBackendProvider
FNDA:1,(anonymous_610)
FNDA:1,createHttpBackend
FNDA:0,(anonymous_612)
FNDA:0,(anonymous_613)
FNDA:0,(anonymous_614)
FNDA:0,requestLoaded
FNDA:0,(anonymous_616)
FNDA:0,(anonymous_617)
FNDA:0,(anonymous_618)
FNDA:0,(anonymous_619)
FNDA:0,(anonymous_620)
FNDA:0,(anonymous_621)
FNDA:0,(anonymous_622)
FNDA:0,timeoutRequest
FNDA:0,completeRequest
FNDA:0,jsonpReq
FNDA:0,(anonymous_626)
FNDA:0,(anonymous_627)
FNDA:0,(anonymous_628)
FNDA:1,$InterpolateProvider
FNDA:0,(anonymous_630)
FNDA:0,(anonymous_631)
FNDA:0,(anonymous_632)
FNDA:0,escape
FNDA:0,unescapeText
FNDA:0,constantWatchDelegate
FNDA:0,constantInterpolateWatch
FNDA:0,$interpolate
FNDA:0,(anonymous_638)
FNDA:0,(anonymous_639)
FNDA:0,interpolationFn
FNDA:0,(anonymous_641)
FNDA:0,interpolateFnWatcher
FNDA:0,parseStringifyInterceptor
FNDA:0,(anonymous_644)
FNDA:0,(anonymous_645)
FNDA:1,$IntervalProvider
FNDA:0,(anonymous_647)
FNDA:0,(anonymous_648)
FNDA:0,(anonymous_649)
FNDA:0,(anonymous_650)
FNDA:1,$$IntervalFactoryProvider
FNDA:0,(anonymous_652)
FNDA:0,intervalFactory
FNDA:0,intervalFn
FNDA:0,callback
FNDA:0,tick
FNDA:1,(anonymous_657)
FNDA:1,(anonymous_658)
FNDA:0,createCallback
FNDA:0,(anonymous_660)
FNDA:0,(anonymous_661)
FNDA:0,(anonymous_662)
FNDA:0,(anonymous_663)
FNDA:0,(anonymous_664)
FNDA:1,encodePath
FNDA:1,decodePath
FNDA:1,normalizePath
FNDA:1,parseAbsoluteUrl
FNDA:1,parseAppUrl
FNDA:3,startsWith
FNDA:2,stripBaseUrl
FNDA:4,stripHash
FNDA:1,stripFile
FNDA:0,serverBase
FNDA:0,LocationHtml5Url
FNDA:0,(anonymous_676)
FNDA:0,(anonymous_677)
FNDA:0,(anonymous_678)
FNDA:1,LocationHashbangUrl
FNDA:1,(anonymous_680)
FNDA:1,removeWindowsDriveName
FNDA:1,(anonymous_682)
FNDA:1,(anonymous_683)
FNDA:0,LocationHashbangInHtml5Url
FNDA:0,(anonymous_685)
FNDA:0,(anonymous_686)
FNDA:1,(anonymous_687)
FNDA:0,(anonymous_688)
FNDA:0,(anonymous_689)
FNDA:0,(anonymous_690)
FNDA:0,(anonymous_691)
FNDA:0,(anonymous_692)
FNDA:0,(anonymous_693)
FNDA:3,(anonymous_694)
FNDA:0,(anonymous_695)
FNDA:4,locationGetter
FNDA:1,(anonymous_697)
FNDA:2,locationGetterSetter
FNDA:0,(anonymous_699)
FNDA:1,$LocationProvider
FNDA:0,(anonymous_701)
FNDA:0,(anonymous_702)
FNDA:1,(anonymous_703)
FNDA:0,urlsEqual
FNDA:0,setBrowserUrlWithFallback
FNDA:0,(anonymous_706)
FNDA:0,(anonymous_707)
FNDA:0,(anonymous_708)
FNDA:0,$locationWatch
FNDA:0,(anonymous_710)
FNDA:0,afterLocationChange
FNDA:1,$LogProvider
FNDA:0,(anonymous_713)
FNDA:0,(anonymous_714)
FNDA:0,(anonymous_715)
FNDA:0,(anonymous_716)
FNDA:0,formatError
FNDA:0,consoleLog
FNDA:0,(anonymous_719)
FNDA:0,(anonymous_720)
FNDA:0,getStringValue
FNDA:18,(anonymous_722)
FNDA:0,Lexer
FNDA:0,(anonymous_724)
FNDA:0,(anonymous_725)
FNDA:0,(anonymous_726)
FNDA:0,(anonymous_727)
FNDA:0,(anonymous_728)
FNDA:0,(anonymous_729)
FNDA:0,(anonymous_730)
FNDA:0,(anonymous_731)
FNDA:0,(anonymous_732)
FNDA:0,(anonymous_733)
FNDA:0,(anonymous_734)
FNDA:0,(anonymous_735)
FNDA:0,(anonymous_736)
FNDA:0,(anonymous_737)
FNDA:0,(anonymous_738)
FNDA:0,(anonymous_739)
FNDA:0,AST
FNDA:0,(anonymous_741)
FNDA:0,(anonymous_742)
FNDA:0,(anonymous_743)
FNDA:0,(anonymous_744)
FNDA:0,(anonymous_745)
FNDA:0,(anonymous_746)
FNDA:0,(anonymous_747)
FNDA:0,(anonymous_748)
FNDA:0,(anonymous_749)
FNDA:0,(anonymous_750)
FNDA:0,(anonymous_751)
FNDA:0,(anonymous_752)
FNDA:0,(anonymous_753)
FNDA:0,(anonymous_754)
FNDA:0,(anonymous_755)
FNDA:0,(anonymous_756)
FNDA:0,(anonymous_757)
FNDA:0,(anonymous_758)
FNDA:0,(anonymous_759)
FNDA:0,(anonymous_760)
FNDA:0,(anonymous_761)
FNDA:0,(anonymous_762)
FNDA:0,(anonymous_763)
FNDA:0,(anonymous_764)
FNDA:0,(anonymous_765)
FNDA:0,(anonymous_766)
FNDA:0,(anonymous_767)
FNDA:0,ifDefined
FNDA:0,plusFn
FNDA:0,isStateless
FNDA:0,isPure
FNDA:0,findConstantAndWatchExpressions
FNDA:0,(anonymous_773)
FNDA:0,(anonymous_774)
FNDA:0,(anonymous_775)
FNDA:0,(anonymous_776)
FNDA:0,getInputs
FNDA:0,isAssignable
FNDA:0,assignableAST
FNDA:0,isLiteral
FNDA:0,isConstant
FNDA:0,ASTCompiler
FNDA:0,(anonymous_783)
FNDA:0,(anonymous_784)
FNDA:0,(anonymous_785)
FNDA:0,(anonymous_786)
FNDA:0,(anonymous_787)
FNDA:0,(anonymous_788)
FNDA:0,(anonymous_789)
FNDA:0,(anonymous_790)
FNDA:0,(anonymous_791)
FNDA:0,(anonymous_792)
FNDA:0,(anonymous_793)
FNDA:0,(anonymous_794)
FNDA:0,(anonymous_795)
FNDA:0,(anonymous_796)
FNDA:0,(anonymous_797)
FNDA:0,(anonymous_798)
FNDA:0,(anonymous_799)
FNDA:0,(anonymous_800)
FNDA:0,(anonymous_801)
FNDA:0,(anonymous_802)
FNDA:0,(anonymous_803)
FNDA:0,(anonymous_804)
FNDA:0,(anonymous_805)
FNDA:0,(anonymous_806)
FNDA:0,(anonymous_807)
FNDA:0,(anonymous_808)
FNDA:0,(anonymous_809)
FNDA:0,(anonymous_810)
FNDA:0,(anonymous_811)
FNDA:0,(anonymous_812)
FNDA:0,(anonymous_813)
FNDA:0,(anonymous_814)
FNDA:0,(anonymous_815)
FNDA:0,(anonymous_816)
FNDA:0,(anonymous_817)
FNDA:0,(anonymous_818)
FNDA:0,(anonymous_819)
FNDA:0,(anonymous_820)
FNDA:0,(anonymous_821)
FNDA:0,(anonymous_822)
FNDA:0,(anonymous_823)
FNDA:0,(anonymous_824)
FNDA:0,(anonymous_825)
FNDA:0,(anonymous_826)
FNDA:0,(anonymous_827)
FNDA:0,(anonymous_828)
FNDA:0,(anonymous_829)
FNDA:0,(anonymous_830)
FNDA:0,(anonymous_831)
FNDA:0,(anonymous_832)
FNDA:0,(anonymous_833)
FNDA:0,(anonymous_834)
FNDA:0,(anonymous_835)
FNDA:0,(anonymous_836)
FNDA:0,(anonymous_837)
FNDA:0,(anonymous_838)
FNDA:0,(anonymous_839)
FNDA:0,ASTInterpreter
FNDA:0,(anonymous_841)
FNDA:0,(anonymous_842)
FNDA:0,(anonymous_843)
FNDA:0,(anonymous_844)
FNDA:0,(anonymous_845)
FNDA:0,(anonymous_846)
FNDA:0,(anonymous_847)
FNDA:0,(anonymous_848)
FNDA:0,(anonymous_849)
FNDA:0,(anonymous_850)
FNDA:0,(anonymous_851)
FNDA:0,(anonymous_852)
FNDA:0,(anonymous_853)
FNDA:0,(anonymous_854)
FNDA:0,(anonymous_855)
FNDA:0,(anonymous_856)
FNDA:0,(anonymous_857)
FNDA:0,(anonymous_858)
FNDA:0,(anonymous_859)
FNDA:0,(anonymous_860)
FNDA:0,(anonymous_861)
FNDA:0,(anonymous_862)
FNDA:0,(anonymous_863)
FNDA:0,(anonymous_864)
FNDA:0,(anonymous_865)
FNDA:0,(anonymous_866)
FNDA:0,(anonymous_867)
FNDA:0,(anonymous_868)
FNDA:0,(anonymous_869)
FNDA:0,(anonymous_870)
FNDA:0,(anonymous_871)
FNDA:0,(anonymous_872)
FNDA:0,(anonymous_873)
FNDA:0,(anonymous_874)
FNDA:0,(anonymous_875)
FNDA:0,(anonymous_876)
FNDA:0,(anonymous_877)
FNDA:0,(anonymous_878)
FNDA:0,(anonymous_879)
FNDA:0,(anonymous_880)
FNDA:0,(anonymous_881)
FNDA:0,(anonymous_882)
FNDA:0,(anonymous_883)
FNDA:0,(anonymous_884)
FNDA:0,(anonymous_885)
FNDA:0,(anonymous_886)
FNDA:0,(anonymous_887)
FNDA:0,(anonymous_888)
FNDA:0,(anonymous_889)
FNDA:0,(anonymous_890)
FNDA:0,(anonymous_891)
FNDA:0,(anonymous_892)
FNDA:0,(anonymous_893)
FNDA:0,(anonymous_894)
FNDA:0,(anonymous_895)
FNDA:0,(anonymous_896)
FNDA:0,(anonymous_897)
FNDA:0,(anonymous_898)
FNDA:0,(anonymous_899)
FNDA:0,(anonymous_900)
FNDA:0,(anonymous_901)
FNDA:0,(anonymous_902)
FNDA:0,(anonymous_903)
FNDA:0,(anonymous_904)
FNDA:0,(anonymous_905)
FNDA:0,(anonymous_906)
FNDA:0,Parser
FNDA:0,(anonymous_908)
FNDA:0,(anonymous_909)
FNDA:0,getValueOf
FNDA:1,$ParseProvider
FNDA:0,(anonymous_912)
FNDA:0,(anonymous_913)
FNDA:1,(anonymous_914)
FNDA:1,$parse
FNDA:0,$$getAst
FNDA:0,expressionInputDirtyCheck
FNDA:0,inputsWatchDelegate
FNDA:0,expressionInputWatch
FNDA:0,expressionInputsWatch
FNDA:0,oneTimeWatchDelegate
FNDA:0,unwatchIfDone
FNDA:0,oneTimeWatch
FNDA:0,isAllDefined
FNDA:0,(anonymous_925)
FNDA:0,constantWatchDelegate
FNDA:0,constantWatch
FNDA:0,addWatchDelegate
FNDA:0,chainInterceptors
FNDA:0,chainedInterceptor
FNDA:1,addInterceptor
FNDA:0,interceptedExpression
FNDA:0,(anonymous_933)
FNDA:0,depurifier
FNDA:1,$QProvider
FNDA:1,(anonymous_936)
FNDA:0,(anonymous_937)
FNDA:0,(anonymous_938)
FNDA:1,$$QProvider
FNDA:1,(anonymous_940)
FNDA:0,(anonymous_941)
FNDA:0,(anonymous_942)
FNDA:2,qFactory
FNDA:0,defer
FNDA:0,Deferred
FNDA:0,(anonymous_946)
FNDA:0,(anonymous_947)
FNDA:0,(anonymous_948)
FNDA:0,Promise
FNDA:0,(anonymous_950)
FNDA:0,(anonymous_951)
FNDA:0,(anonymous_952)
FNDA:0,(anonymous_953)
FNDA:0,(anonymous_954)
FNDA:0,processQueue
FNDA:0,processChecks
FNDA:0,scheduleProcessQueue
FNDA:0,(anonymous_958)
FNDA:0,resolvePromise
FNDA:0,$$resolve
FNDA:0,doResolve
FNDA:0,doReject
FNDA:0,doNotify
FNDA:0,rejectPromise
FNDA:0,$$reject
FNDA:0,notifyPromise
FNDA:0,(anonymous_967)
FNDA:0,reject
FNDA:0,handleCallback
FNDA:0,(anonymous_970)
FNDA:0,when
FNDA:0,all
FNDA:0,(anonymous_973)
FNDA:0,(anonymous_974)
FNDA:0,(anonymous_975)
FNDA:0,race
FNDA:0,(anonymous_977)
FNDA:0,$Q
FNDA:0,resolveFn
FNDA:0,rejectFn
FNDA:0,isStateExceptionHandled
FNDA:0,markQStateExceptionHandled
FNDA:0,markQExceptionHandled
FNDA:1,$$RAFProvider
FNDA:0,(anonymous_985)
FNDA:0,(anonymous_986)
FNDA:0,(anonymous_987)
FNDA:0,(anonymous_988)
FNDA:0,(anonymous_989)
FNDA:1,$RootScopeProvider
FNDA:0,(anonymous_991)
FNDA:1,createChildScopeClass
FNDA:1,ChildScope
FNDA:1,(anonymous_994)
FNDA:0,destroyChildScope
FNDA:1,cleanUpScope
FNDA:1,Scope
FNDA:1,(anonymous_998)
FNDA:1,(anonymous_999)
FNDA:0,deregisterWatch
FNDA:0,(anonymous_1001)
FNDA:0,(anonymous_1002)
FNDA:0,deregisterWatchGroup
FNDA:0,watchGroupAction
FNDA:0,(anonymous_1005)
FNDA:0,watchGroupSubAction
FNDA:0,watchGroupAction
FNDA:0,deregisterWatchGroup
FNDA:0,(anonymous_1009)
FNDA:0,$watchCollectionInterceptor
FNDA:0,$watchCollectionAction
FNDA:0,(anonymous_1012)
FNDA:0,(anonymous_1013)
FNDA:0,(anonymous_1014)
FNDA:0,(anonymous_1015)
FNDA:1,(anonymous_1016)
FNDA:0,(anonymous_1017)
FNDA:0,(anonymous_1018)
FNDA:0,(anonymous_1019)
FNDA:0,(anonymous_1020)
FNDA:0,(anonymous_1021)
FNDA:0,(anonymous_1022)
FNDA:0,(anonymous_1023)
FNDA:0,$applyAsyncExpression
FNDA:2,(anonymous_1025)
FNDA:0,(anonymous_1026)
FNDA:0,(anonymous_1027)
FNDA:0,(anonymous_1028)
FNDA:0,(anonymous_1029)
FNDA:1,(anonymous_1030)
FNDA:0,(anonymous_1031)
FNDA:0,beginPhase
FNDA:0,clearPhase
FNDA:2,incrementWatchersCount
FNDA:2,decrementListenerCount
FNDA:0,initWatchVal
FNDA:0,flushApplyAsync
FNDA:0,scheduleApplyAsync
FNDA:0,(anonymous_1039)
FNDA:1,$$SanitizeUriProvider
FNDA:0,(anonymous_1041)
FNDA:0,(anonymous_1042)
FNDA:1,(anonymous_1043)
FNDA:0,sanitizeUri
FNDA:18,snakeToCamel
FNDA:0,adjustMatcher
FNDA:0,adjustMatchers
FNDA:0,(anonymous_1048)
FNDA:1,$SceDelegateProvider
FNDA:0,(anonymous_1050)
FNDA:0,(anonymous_1051)
FNDA:1,(anonymous_1052)
FNDA:0,htmlSanitizer
FNDA:0,matchUrl
FNDA:0,isResourceUrlAllowedByPolicy
FNDA:7,generateHolderType
FNDA:6,TrustedValueHolderType
FNDA:0,(anonymous_1058)
FNDA:0,sceValueOf
FNDA:0,sceToString
FNDA:0,trustAs
FNDA:0,valueOf
FNDA:0,getTrusted
FNDA:1,$SceProvider
FNDA:0,(anonymous_1065)
FNDA:1,(anonymous_1066)
FNDA:0,(anonymous_1067)
FNDA:0,(anonymous_1068)
FNDA:0,sceParseAs
FNDA:0,(anonymous_1070)
FNDA:6,(anonymous_1071)
FNDA:0,(anonymous_1072)
FNDA:0,(anonymous_1073)
FNDA:0,(anonymous_1074)
FNDA:1,$SnifferProvider
FNDA:1,(anonymous_1076)
FNDA:0,(anonymous_1077)
FNDA:1,$$TaskTrackerFactoryProvider
FNDA:1,(anonymous_1079)
FNDA:1,TaskTracker
FNDA:0,completeTask
FNDA:0,decTaskCount
FNDA:0,getLastCallback
FNDA:0,getLastCallbackForType
FNDA:0,incTaskCount
FNDA:0,notifyWhenNoPendingTasks
FNDA:1,$TemplateRequestProvider
FNDA:0,(anonymous_1088)
FNDA:1,(anonymous_1089)
FNDA:0,handleRequestFn
FNDA:0,(anonymous_1091)
FNDA:0,(anonymous_1092)
FNDA:0,(anonymous_1093)
FNDA:0,handleError
FNDA:1,$$TestabilityProvider
FNDA:0,(anonymous_1096)
FNDA:0,(anonymous_1097)
FNDA:0,(anonymous_1098)
FNDA:0,(anonymous_1099)
FNDA:0,(anonymous_1100)
FNDA:0,(anonymous_1101)
FNDA:0,(anonymous_1102)
FNDA:0,(anonymous_1103)
FNDA:1,$TimeoutProvider
FNDA:1,(anonymous_1105)
FNDA:0,timeout
FNDA:0,(anonymous_1107)
FNDA:0,(anonymous_1108)
FNDA:3,urlResolve
FNDA:0,urlIsSameOrigin
FNDA:0,urlIsSameOriginAsBaseUrl
FNDA:1,urlIsAllowedOriginFactory
FNDA:0,urlIsAllowedOrigin
FNDA:0,urlsAreSameOrigin
FNDA:0,getBaseUrl
FNDA:1,$WindowProvider
FNDA:1,$$CookieReader
FNDA:0,safeGetCookie
FNDA:0,safeDecodeURIComponent
FNDA:0,(anonymous_1120)
FNDA:1,$$CookieReaderProvider
FNDA:1,$FilterProvider
FNDA:10,register
FNDA:0,(anonymous_1124)
FNDA:1,(anonymous_1125)
FNDA:0,(anonymous_1126)
FNDA:0,filterFilter
FNDA:0,(anonymous_1128)
FNDA:0,createPredicateFn
FNDA:0,(anonymous_1130)
FNDA:0,(anonymous_1131)
FNDA:0,deepCompare
FNDA:0,(anonymous_1133)
FNDA:0,getTypeForFilter
FNDA:0,currencyFilter
FNDA:0,(anonymous_1136)
FNDA:0,numberFilter
FNDA:0,(anonymous_1138)
FNDA:0,parse
FNDA:0,roundNumber
FNDA:0,(anonymous_1141)
FNDA:0,formatNumber
FNDA:0,(anonymous_1143)
FNDA:0,padNumber
FNDA:16,dateGetter
FNDA:0,(anonymous_1146)
FNDA:5,dateStrGetter
FNDA:0,(anonymous_1148)
FNDA:0,timeZoneGetter
FNDA:0,getFirstThursdayOfYear
FNDA:0,getThursdayThisWeek
FNDA:2,weekGetter
FNDA:0,(anonymous_1153)
FNDA:0,ampmGetter
FNDA:0,eraGetter
FNDA:0,longEraGetter
FNDA:0,dateFilter
FNDA:0,jsonStringToDate
FNDA:0,(anonymous_1159)
FNDA:0,(anonymous_1160)
FNDA:0,jsonFilter
FNDA:0,(anonymous_1162)
FNDA:0,limitToFilter
FNDA:0,(anonymous_1164)
FNDA:0,sliceFn
FNDA:0,orderByFilter
FNDA:0,(anonymous_1167)
FNDA:0,(anonymous_1168)
FNDA:0,getComparisonObject
FNDA:0,(anonymous_1170)
FNDA:0,doComparison
FNDA:0,processPredicates
FNDA:0,(anonymous_1173)
FNDA:0,(anonymous_1174)
FNDA:0,isPrimitive
FNDA:0,objectValue
FNDA:0,getPredicateValue
FNDA:0,defaultCompare
FNDA:6,ngDirective
FNDA:0,(anonymous_1180)
FNDA:0,(anonymous_1181)
FNDA:0,(anonymous_1182)
FNDA:7,(anonymous_1183)
FNDA:0,defaultLinkFn
FNDA:0,ngBooleanAttrWatchAction
FNDA:0,(anonymous_1186)
FNDA:0,(anonymous_1187)
FNDA:6,(anonymous_1188)
FNDA:0,(anonymous_1189)
FNDA:0,(anonymous_1190)
FNDA:0,ngAttrAliasWatchAction
FNDA:3,(anonymous_1192)
FNDA:0,(anonymous_1193)
FNDA:0,(anonymous_1194)
FNDA:0,(anonymous_1195)
FNDA:0,nullFormRenameControl
FNDA:0,FormController
FNDA:0,(anonymous_1198)
FNDA:0,(anonymous_1199)
FNDA:0,(anonymous_1200)
FNDA:0,(anonymous_1201)
FNDA:0,(anonymous_1202)
FNDA:0,(anonymous_1203)
FNDA:0,(anonymous_1204)
FNDA:0,(anonymous_1205)
FNDA:0,(anonymous_1206)
FNDA:0,(anonymous_1207)
FNDA:0,(anonymous_1208)
FNDA:0,(anonymous_1209)
FNDA:0,(anonymous_1210)
FNDA:0,(anonymous_1211)
FNDA:0,(anonymous_1212)
FNDA:0,(anonymous_1213)
FNDA:0,(anonymous_1214)
FNDA:0,(anonymous_1215)
FNDA:0,(anonymous_1216)
FNDA:0,(anonymous_1217)
FNDA:0,(anonymous_1218)
FNDA:2,(anonymous_1219)
FNDA:0,(anonymous_1220)
FNDA:0,ngFormCompile
FNDA:0,ngFormPreLink
FNDA:0,(anonymous_1223)
FNDA:0,(anonymous_1224)
FNDA:0,(anonymous_1225)
FNDA:0,(anonymous_1226)
FNDA:0,(anonymous_1227)
FNDA:0,(anonymous_1228)
FNDA:0,getSetter
FNDA:0,setupValidity
FNDA:2,addSetValidityMethod
FNDA:0,(anonymous_1232)
FNDA:0,createAndSet
FNDA:0,unsetAndCleanup
FNDA:0,cachedToggleClass
FNDA:0,toggleValidationCss
FNDA:0,isObjectEmpty
FNDA:5,(anonymous_1238)
FNDA:0,stringBasedInputType
FNDA:0,(anonymous_1240)
FNDA:0,textInputType
FNDA:0,baseInputType
FNDA:0,(anonymous_1243)
FNDA:0,(anonymous_1244)
FNDA:0,(anonymous_1245)
FNDA:0,(anonymous_1246)
FNDA:0,(anonymous_1247)
FNDA:0,(anonymous_1248)
FNDA:0,(anonymous_1249)
FNDA:0,(anonymous_1250)
FNDA:0,(anonymous_1251)
FNDA:0,(anonymous_1252)
FNDA:0,weekParser
FNDA:4,createDateParser
FNDA:0,(anonymous_1255)
FNDA:0,(anonymous_1256)
FNDA:5,createDateInputType
FNDA:0,dynamicDateInputType
FNDA:0,(anonymous_1259)
FNDA:0,(anonymous_1260)
FNDA:0,(anonymous_1261)
FNDA:0,(anonymous_1262)
FNDA:0,(anonymous_1263)
FNDA:0,(anonymous_1264)
FNDA:0,isValidDate
FNDA:0,parseObservedDateValue
FNDA:0,parseDateAndConvertTimeZoneToLocal
FNDA:0,formatter
FNDA:0,badInputChecker
FNDA:0,(anonymous_1270)
FNDA:0,numberFormatterParser
FNDA:0,(anonymous_1272)
FNDA:0,(anonymous_1273)
FNDA:0,parseNumberAttrVal
FNDA:0,isNumberInteger
FNDA:0,countDecimals
FNDA:0,isValidForStep
FNDA:0,numberInputType
FNDA:0,(anonymous_1279)
FNDA:0,(anonymous_1280)
FNDA:0,(anonymous_1281)
FNDA:0,(anonymous_1282)
FNDA:0,(anonymous_1283)
FNDA:0,(anonymous_1284)
FNDA:0,rangeInputType
FNDA:0,rangeRender
FNDA:0,noopMinValidator
FNDA:0,minValidator
FNDA:0,noopMaxValidator
FNDA:0,maxValidator
FNDA:0,nativeStepValidator
FNDA:0,stepValidator
FNDA:0,setInitialValueAndObserver
FNDA:0,wrappedObserver
FNDA:0,minChange
FNDA:0,maxChange
FNDA:0,stepChange
FNDA:0,urlInputType
FNDA:0,(anonymous_1299)
FNDA:0,emailInputType
FNDA:0,(anonymous_1301)
FNDA:0,radioInputType
FNDA:0,(anonymous_1303)
FNDA:0,(anonymous_1304)
FNDA:0,parseConstantExpr
FNDA:0,checkboxInputType
FNDA:0,(anonymous_1307)
FNDA:0,(anonymous_1308)
FNDA:0,(anonymous_1309)
FNDA:0,(anonymous_1310)
FNDA:0,(anonymous_1311)
FNDA:0,(anonymous_1312)
FNDA:0,(anonymous_1313)
FNDA:0,(anonymous_1314)
FNDA:0,(anonymous_1315)
FNDA:0,(anonymous_1316)
FNDA:0,(anonymous_1317)
FNDA:0,(anonymous_1318)
FNDA:0,(anonymous_1319)
FNDA:0,updateElementValue
FNDA:0,(anonymous_1321)
FNDA:0,ngValueConstantLink
FNDA:0,ngValueLink
FNDA:0,valueWatchAction
FNDA:0,(anonymous_1325)
FNDA:0,ngBindCompile
FNDA:0,ngBindLink
FNDA:0,ngBindWatchAction
FNDA:0,(anonymous_1329)
FNDA:0,ngBindTemplateCompile
FNDA:0,ngBindTemplateLink
FNDA:0,(anonymous_1332)
FNDA:0,(anonymous_1333)
FNDA:0,ngBindHtmlCompile
FNDA:0,sceValueOf
FNDA:0,ngBindHtmlLink
FNDA:0,ngBindHtmlWatchAction
FNDA:0,(anonymous_1338)
FNDA:0,(anonymous_1339)
FNDA:3,classDirective
FNDA:0,(anonymous_1341)
FNDA:0,(anonymous_1342)
FNDA:0,moduloTwo
FNDA:0,addClasses
FNDA:0,removeClasses
FNDA:0,updateClasses
FNDA:0,digestClassCounts
FNDA:0,(anonymous_1348)
FNDA:0,ngClassIndexWatchAction
FNDA:0,ngClassWatchAction
FNDA:0,arrayDifference
FNDA:0,split
FNDA:0,toClassString
FNDA:0,(anonymous_1354)
FNDA:0,(anonymous_1355)
FNDA:0,(anonymous_1356)
FNDA:18,(anonymous_1357)
FNDA:0,(anonymous_1358)
FNDA:0,createEventDirective
FNDA:0,(anonymous_1360)
FNDA:0,ngEventHandler
FNDA:0,(anonymous_1362)
FNDA:0,(anonymous_1363)
FNDA:0,(anonymous_1364)
FNDA:0,(anonymous_1365)
FNDA:0,ngIfWatchAction
FNDA:0,(anonymous_1367)
FNDA:0,(anonymous_1368)
FNDA:0,(anonymous_1369)
FNDA:0,(anonymous_1370)
FNDA:0,(anonymous_1371)
FNDA:0,(anonymous_1372)
FNDA:0,(anonymous_1373)
FNDA:0,ngIncludeWatchAction
FNDA:0,(anonymous_1375)
FNDA:0,(anonymous_1376)
FNDA:0,(anonymous_1377)
FNDA:0,(anonymous_1378)
FNDA:0,(anonymous_1379)
FNDA:0,(anonymous_1380)
FNDA:0,namespaceAdaptedClone
FNDA:0,(anonymous_1382)
FNDA:0,(anonymous_1383)
FNDA:0,(anonymous_1384)
FNDA:0,(anonymous_1385)
FNDA:0,(anonymous_1386)
FNDA:0,(anonymous_1387)
FNDA:0,(anonymous_1388)
FNDA:0,(anonymous_1389)
FNDA:0,NgModelController
FNDA:0,(anonymous_1391)
FNDA:0,(anonymous_1392)
FNDA:0,(anonymous_1393)
FNDA:0,(anonymous_1394)
FNDA:0,(anonymous_1395)
FNDA:0,(anonymous_1396)
FNDA:0,(anonymous_1397)
FNDA:0,(anonymous_1398)
FNDA:0,(anonymous_1399)
FNDA:0,(anonymous_1400)
FNDA:0,(anonymous_1401)
FNDA:0,(anonymous_1402)
FNDA:0,(anonymous_1403)
FNDA:0,processParseErrors
FNDA:0,(anonymous_1405)
FNDA:0,(anonymous_1406)
FNDA:0,processSyncValidators
FNDA:0,(anonymous_1408)
FNDA:0,(anonymous_1409)
FNDA:0,processAsyncValidators
FNDA:0,(anonymous_1411)
FNDA:0,(anonymous_1412)
FNDA:0,(anonymous_1413)
FNDA:0,(anonymous_1414)
FNDA:0,setValidity
FNDA:0,validationDone
FNDA:0,(anonymous_1417)
FNDA:0,(anonymous_1418)
FNDA:0,(anonymous_1419)
FNDA:0,writeToModelIfNeeded
FNDA:0,(anonymous_1421)
FNDA:0,(anonymous_1422)
FNDA:0,(anonymous_1423)
FNDA:0,(anonymous_1424)
FNDA:0,(anonymous_1425)
FNDA:0,(anonymous_1426)
FNDA:0,(anonymous_1427)
FNDA:0,(anonymous_1428)
FNDA:0,(anonymous_1429)
FNDA:0,(anonymous_1430)
FNDA:0,(anonymous_1431)
FNDA:0,(anonymous_1432)
FNDA:0,setupModelWatcher
FNDA:0,ngModelWatch
FNDA:0,(anonymous_1435)
FNDA:0,(anonymous_1436)
FNDA:0,(anonymous_1437)
FNDA:0,ngModelCompile
FNDA:0,ngModelPreLink
FNDA:0,(anonymous_1440)
FNDA:0,(anonymous_1441)
FNDA:0,ngModelPostLink
FNDA:0,setTouched
FNDA:0,(anonymous_1444)
FNDA:1,ModelOptions
FNDA:0,(anonymous_1446)
FNDA:0,(anonymous_1447)
FNDA:0,(anonymous_1448)
FNDA:0,(anonymous_1449)
FNDA:0,(anonymous_1450)
FNDA:0,NgModelOptionsController
FNDA:0,(anonymous_1452)
FNDA:0,defaults
FNDA:0,(anonymous_1454)
FNDA:0,(anonymous_1455)
FNDA:0,parseOptionsExpression
FNDA:0,(anonymous_1457)
FNDA:0,getHashOfValue
FNDA:0,(anonymous_1459)
FNDA:0,(anonymous_1460)
FNDA:0,(anonymous_1461)
FNDA:0,Option
FNDA:0,getOptionValuesKeys
FNDA:0,(anonymous_1464)
FNDA:0,(anonymous_1465)
FNDA:0,(anonymous_1466)
FNDA:0,(anonymous_1467)
FNDA:0,ngOptionsPostLink
FNDA:0,(anonymous_1469)
FNDA:0,writeNgOptionsValue
FNDA:0,readNgOptionsValue
FNDA:0,(anonymous_1472)
FNDA:0,(anonymous_1473)
FNDA:0,writeNgOptionsMultiple
FNDA:0,(anonymous_1475)
FNDA:0,readNgOptionsMultiple
FNDA:0,(anonymous_1477)
FNDA:0,(anonymous_1478)
FNDA:0,(anonymous_1479)
FNDA:0,(anonymous_1480)
FNDA:0,(anonymous_1481)
FNDA:0,(anonymous_1482)
FNDA:0,addOptionElement
FNDA:0,getAndUpdateSelectedOption
FNDA:0,updateOptionElement
FNDA:0,updateOptions
FNDA:0,addOption
FNDA:0,ngOptionsPreLink
FNDA:0,(anonymous_1489)
FNDA:0,(anonymous_1490)
FNDA:0,(anonymous_1491)
FNDA:0,(anonymous_1492)
FNDA:0,ngPluralizeWatchAction
FNDA:0,updateElementText
FNDA:0,(anonymous_1495)
FNDA:0,(anonymous_1496)
FNDA:0,(anonymous_1497)
FNDA:0,(anonymous_1498)
FNDA:0,(anonymous_1499)
FNDA:0,(anonymous_1500)
FNDA:0,(anonymous_1501)
FNDA:0,(anonymous_1502)
FNDA:0,(anonymous_1503)
FNDA:0,(anonymous_1504)
FNDA:0,(anonymous_1505)
FNDA:0,ngRepeatCompile
FNDA:0,(anonymous_1507)
FNDA:0,ngRepeatLink
FNDA:0,ngRepeatAction
FNDA:0,(anonymous_1510)
FNDA:0,ngRepeatTransclude
FNDA:0,(anonymous_1512)
FNDA:0,(anonymous_1513)
FNDA:0,ngShowWatchAction
FNDA:0,(anonymous_1515)
FNDA:0,(anonymous_1516)
FNDA:0,ngHideWatchAction
FNDA:0,(anonymous_1518)
FNDA:0,ngStyleWatchAction
FNDA:0,(anonymous_1520)
FNDA:0,(anonymous_1521)
FNDA:0,NgSwitchController
FNDA:0,(anonymous_1523)
FNDA:0,(anonymous_1524)
FNDA:0,(anonymous_1525)
FNDA:0,ngSwitchWatchAction
FNDA:0,(anonymous_1527)
FNDA:0,(anonymous_1528)
FNDA:0,(anonymous_1529)
FNDA:0,(anonymous_1530)
FNDA:0,(anonymous_1531)
FNDA:0,(anonymous_1532)
FNDA:0,(anonymous_1533)
FNDA:0,ngTranscludeCompile
FNDA:0,ngTranscludePostLink
FNDA:0,ngTranscludeCloneAttachFn
FNDA:0,useFallbackContent
FNDA:0,(anonymous_1538)
FNDA:0,notWhitespace
FNDA:0,(anonymous_1540)
FNDA:0,(anonymous_1541)
FNDA:0,setOptionSelectedStatus
FNDA:0,(anonymous_1543)
FNDA:0,(anonymous_1544)
FNDA:0,(anonymous_1545)
FNDA:0,(anonymous_1546)
FNDA:0,(anonymous_1547)
FNDA:0,(anonymous_1548)
FNDA:0,(anonymous_1549)
FNDA:0,(anonymous_1550)
FNDA:0,readSingleValue
FNDA:0,writeSingleValue
FNDA:0,(anonymous_1553)
FNDA:0,(anonymous_1554)
FNDA:0,(anonymous_1555)
FNDA:0,(anonymous_1556)
FNDA:0,(anonymous_1557)
FNDA:0,(anonymous_1558)
FNDA:0,(anonymous_1559)
FNDA:0,scheduleRender
FNDA:0,(anonymous_1561)
FNDA:0,scheduleViewValueUpdate
FNDA:0,(anonymous_1563)
FNDA:0,(anonymous_1564)
FNDA:0,valueAttributeObserveAction
FNDA:0,valueAttributeObserveAction
FNDA:0,interpolateWatchAction
FNDA:0,(anonymous_1568)
FNDA:0,(anonymous_1569)
FNDA:0,(anonymous_1570)
FNDA:0,selectPreLink
FNDA:0,(anonymous_1572)
FNDA:0,(anonymous_1573)
FNDA:0,readMultipleValue
FNDA:0,(anonymous_1575)
FNDA:0,writeMultipleValue
FNDA:0,(anonymous_1577)
FNDA:0,selectMultipleWatch
FNDA:0,(anonymous_1579)
FNDA:0,selectPostLink
FNDA:0,(anonymous_1581)
FNDA:0,(anonymous_1582)
FNDA:0,(anonymous_1583)
FNDA:0,(anonymous_1584)
FNDA:0,(anonymous_1585)
FNDA:0,(anonymous_1586)
FNDA:0,(anonymous_1587)
FNDA:0,(anonymous_1588)
FNDA:0,(anonymous_1589)
FNDA:0,(anonymous_1590)
FNDA:0,(anonymous_1591)
FNDA:0,(anonymous_1592)
FNDA:0,(anonymous_1593)
FNDA:0,(anonymous_1594)
FNDA:0,(anonymous_1595)
FNDA:0,(anonymous_1596)
FNDA:0,(anonymous_1597)
FNDA:0,(anonymous_1598)
FNDA:0,(anonymous_1599)
FNDA:0,(anonymous_1600)
FNDA:0,(anonymous_1601)
FNDA:0,(anonymous_1602)
FNDA:0,parsePatternAttr
FNDA:0,parseLength
FNDA:1,(anonymous_1605)
FNDA:0,getDecimals
FNDA:0,getVF
FNDA:0,(anonymous_1608)
FNDA:1,(anonymous_1609)
DA:6,1
DA:14,1
DA:47,0
DA:48,0
DA:49,0
DA:51,0
DA:52,0
DA:55,0
DA:65,1
DA:100,27
DA:102,27
DA:103,27
DA:104,27
DA:106,27
DA:107,0
DA:108,0
DA:109,0
DA:110,0
DA:111,0
DA:120,0
DA:121,0
DA:123,0
DA:124,0
DA:127,0
DA:130,0
DA:132,0
DA:133,0
DA:134,0
DA:138,0
DA:260,1
DA:264,1
DA:267,1
DA:276,233
DA:285,1
DA:292,1
DA:293,1
DA:294,1
DA:295,1
DA:296,1
DA:297,1
DA:300,1
DA:302,1
DA:309,1
DA:321,17
DA:327,17
DA:331,17
DA:335,17
DA:376,53
DA:377,52
DA:378,0
DA:379,0
DA:380,0
DA:383,52
DA:384,37
DA:385,37
DA:386,148
DA:387,148
DA:390,15
DA:391,0
DA:392,15
DA:394,0
DA:395,0
DA:397,15
DA:399,15
DA:400,191
DA:401,191
DA:406,0
DA:407,0
DA:408,0
DA:413,53
DA:417,0
DA:418,0
DA:419,0
DA:421,0
DA:431,131
DA:445,2
DA:455,15
DA:456,0
DA:458,15
DA:464,14
DA:466,14
DA:467,26
DA:468,26
DA:469,23
DA:470,23
DA:471,432
DA:472,432
DA:474,432
DA:475,0
DA:476,0
DA:477,0
DA:478,0
DA:479,0
DA:480,0
DA:481,0
DA:482,0
DA:484,0
DA:485,0
DA:488,432
DA:493,14
DA:494,14
DA:516,14
DA:555,0
DA:561,2
DA:564,1
DA:566,0
DA:571,0
DA:591,1
DA:622,0
DA:623,1
DA:626,15
DA:629,0
DA:645,21
DA:660,14
DA:678,167
DA:688,16
DA:704,355
DA:725,18
DA:741,0
DA:758,344
DA:770,0
DA:771,0
DA:772,0
DA:773,0
DA:774,0
DA:775,0
DA:791,286
DA:802,0
DA:814,18
DA:819,1
DA:824,0
DA:829,0
DA:834,0
DA:839,48
DA:844,0
DA:848,1
DA:850,0
DA:854,0
DA:858,1
DA:859,0
DA:865,1
DA:866,0
DA:886,0
DA:896,1
DA:897,1
DA:898,4
DA:900,1
DA:905,0
DA:909,0
DA:913,0
DA:914,0
DA:915,0
DA:917,0
DA:1008,1
DA:1009,1
DA:1010,1
DA:1012,1
DA:1013,0
DA:1014,0
DA:1016,0
DA:1017,0
DA:1021,0
DA:1022,0
DA:1024,0
DA:1025,0
DA:1026,0
DA:1031,0
DA:1032,0
DA:1033,0
DA:1036,1
DA:1039,1
DA:1040,1
DA:1041,0
DA:1043,1
DA:1045,1
DA:1046,0
DA:1047,0
DA:1049,1
DA:1051,0
DA:1052,0
DA:1054,1
DA:1056,1
DA:1057,4
DA:1058,4
DA:1063,0
DA:1064,0
DA:1065,0
DA:1069,1
DA:1070,1
DA:1075,5
DA:1076,4
DA:1080,1
DA:1081,1
DA:1082,0
DA:1085,1
DA:1086,0
DA:1090,1
DA:1091,1
DA:1093,1
DA:1094,1
DA:1095,1
DA:1098,1
DA:1099,1
[...]
BRDA:3602,274,1,0
BRDA:3604,275,0,1
BRDA:3604,275,1,0
BRDA:3621,276,0,1
BRDA:3621,276,1,1
BRDA:3627,277,0,1
BRDA:3627,277,1,0
BRDA:3638,278,0,0
BRDA:3638,278,1,0
BRDA:3641,279,0,0
BRDA:3641,279,1,0
BRDA:3646,280,0,0
BRDA:3646,280,1,0
BRDA:3672,281,0,1
BRDA:3672,281,1,0
BRDA:3680,282,0,0
BRDA:3680,282,1,1
BRDA:3681,283,0,1
BRDA:3681,283,1,1
BRDA:3692,284,0,11
BRDA:3692,284,1,0
BRDA:3705,285,0,1
BRDA:3705,285,1,1
BRDA:3710,286,0,0
BRDA:3710,286,1,0
BRDA:3725,287,0,0
BRDA:3725,287,1,0
BRDA:3756,288,0,0
BRDA:3756,288,1,1
BRDA:3757,289,0,1
BRDA:3757,289,1,0
BRDA:3757,289,2,0
BRDA:3800,290,0,0
BRDA:3800,290,1,0
BRDA:3828,291,0,0
BRDA:3828,291,1,0
BRDA:3834,292,0,0
BRDA:3834,292,1,0
BRDA:3846,293,0,0
BRDA:3846,293,1,0
BRDA:3883,294,0,0
BRDA:3883,294,1,0
BRDA:3903,295,0,0
BRDA:3903,295,1,0
BRDA:3907,296,0,0
BRDA:3907,296,1,0
BRDA:3913,297,0,0
BRDA:3913,297,1,0
BRDA:3913,298,0,0
BRDA:3913,298,1,0
BRDA:3917,299,0,0
BRDA:3917,299,1,0
BRDA:3917,300,0,0
BRDA:3917,300,1,0
BRDA:3942,301,0,0
BRDA:3942,301,1,0
BRDA:3953,302,0,0
BRDA:3953,302,1,0
BRDA:3958,303,0,0
BRDA:3958,303,1,0
BRDA:3958,303,2,0
BRDA:3977,304,0,0
BRDA:3977,304,1,0
BRDA:4006,305,0,0
BRDA:4006,305,1,0
BRDA:4012,306,0,0
BRDA:4012,306,1,0
BRDA:4018,307,0,0
BRDA:4018,307,1,0
BRDA:4049,308,0,0
BRDA:4049,308,1,0
BRDA:4067,309,0,0
BRDA:4067,309,1,0
BRDA:4083,310,0,0
BRDA:4083,310,1,0
BRDA:4085,311,0,0
BRDA:4085,311,1,0
BRDA:4089,312,0,0
BRDA:4089,312,1,0
BRDA:4089,313,0,0
BRDA:4089,313,1,0
BRDA:4089,313,2,0
BRDA:4093,314,0,0
BRDA:4093,314,1,0
BRDA:4100,315,0,0
BRDA:4100,315,1,0
BRDA:4113,316,0,0
BRDA:4113,316,1,0
BRDA:4116,317,0,0
BRDA:4116,317,1,0
BRDA:4118,318,0,0
BRDA:4118,318,1,0
BRDA:4130,319,0,0
BRDA:4130,319,1,0
BRDA:4138,320,0,0
BRDA:4138,320,1,0
BRDA:4138,321,0,0
BRDA:4138,321,1,0
BRDA:4142,322,0,0
BRDA:4142,322,1,0
BRDA:4144,323,0,0
BRDA:4144,323,1,0
BRDA:4150,324,0,0
BRDA:4150,324,1,0
BRDA:4152,325,0,0
BRDA:4152,325,1,0
BRDA:4160,326,0,0
BRDA:4160,326,1,0
BRDA:4161,327,0,0
BRDA:4161,327,1,0
BRDA:4172,328,0,0
BRDA:4172,328,1,0
BRDA:4178,329,0,0
BRDA:4178,329,1,0
BRDA:4179,330,0,0
BRDA:4179,330,1,0
BRDA:4186,331,0,0
BRDA:4186,331,1,0
BRDA:4186,332,0,0
BRDA:4186,332,1,0
BRDA:4188,333,0,0
BRDA:4188,333,1,0
BRDA:4196,334,0,0
BRDA:4196,334,1,0
BRDA:4197,335,0,0
BRDA:4197,335,1,0
BRDA:4198,336,0,0
BRDA:4198,336,1,0
BRDA:4204,337,0,0
BRDA:4204,337,1,0
BRDA:4204,338,0,0
BRDA:4204,338,1,0
BRDA:4206,339,0,0
BRDA:4206,339,1,0
BRDA:4212,340,0,0
BRDA:4212,340,1,0
BRDA:4216,341,0,0
BRDA:4216,341,1,0
BRDA:4216,341,2,0
BRDA:4216,341,3,0
BRDA:4216,341,4,0
BRDA:4222,342,0,0
BRDA:4222,342,1,0
BRDA:4229,343,0,0
BRDA:4229,343,1,0
BRDA:4229,344,0,0
BRDA:4229,344,1,0
BRDA:4230,345,0,0
BRDA:4230,345,1,0
BRDA:4240,346,0,0
BRDA:4240,346,1,0
BRDA:4246,347,0,0
BRDA:4246,347,1,0
BRDA:4246,347,2,0
BRDA:4246,347,3,0
BRDA:4251,348,0,0
BRDA:4251,348,1,0
BRDA:4251,349,0,0
BRDA:4251,349,1,0
BRDA:4258,350,0,0
BRDA:4258,350,1,0
BRDA:4258,351,0,0
BRDA:4258,351,1,0
BRDA:4261,352,0,0
BRDA:4261,352,1,0
BRDA:4266,353,0,0
BRDA:4266,353,1,0
BRDA:4266,354,0,0
BRDA:4266,354,1,0
BRDA:4273,355,0,0
BRDA:4273,355,1,0
BRDA:4273,356,0,0
BRDA:4273,356,1,0
BRDA:4283,357,0,0
BRDA:4283,357,1,0
BRDA:4291,358,0,0
BRDA:4291,358,1,0
BRDA:4296,359,0,0
BRDA:4296,359,1,0
BRDA:4302,360,0,0
BRDA:4302,360,1,0
BRDA:4304,361,0,0
BRDA:4304,361,1,0
BRDA:4308,362,0,0
BRDA:4308,362,1,0
BRDA:4308,363,0,0
BRDA:4308,363,1,0
BRDA:4308,364,0,0
BRDA:4308,364,1,0
BRDA:4312,365,0,0
BRDA:4312,365,1,0
BRDA:4315,366,0,0
BRDA:4315,366,1,0
BRDA:4315,367,0,0
BRDA:4315,367,1,0
BRDA:4316,368,0,0
BRDA:4316,368,1,0
BRDA:4336,369,0,0
BRDA:4336,369,1,0
BRDA:4340,370,0,0
BRDA:4340,370,1,0
BRDA:4348,371,0,0
BRDA:4348,371,1,0
BRDA:4348,372,0,0
BRDA:4348,372,1,0
BRDA:4348,372,2,0
BRDA:4358,373,0,0
BRDA:4358,373,1,0
BRDA:4362,374,0,0
BRDA:4362,374,1,0
BRDA:4362,375,0,0
BRDA:4362,375,1,0
BRDA:4363,376,0,0
BRDA:4363,376,1,0
BRDA:4384,377,0,0
BRDA:4384,377,1,0
BRDA:4390,378,0,0
BRDA:4390,378,1,0
BRDA:4394,379,0,0
BRDA:4394,379,1,0
BRDA:4399,380,0,0
BRDA:4399,380,1,0
BRDA:4399,381,0,0
BRDA:4399,381,1,0
BRDA:4404,382,0,0
BRDA:4404,382,1,0
BRDA:4408,383,0,0
BRDA:4408,383,1,0
BRDA:4417,384,0,0
BRDA:4417,384,1,0
BRDA:4417,385,0,0
BRDA:4417,385,1,0
BRDA:4417,385,2,0
BRDA:4417,385,3,0
BRDA:4417,385,4,0
BRDA:4417,385,5,0
BRDA:4420,386,0,0
BRDA:4420,386,1,0
BRDA:4432,387,0,0
BRDA:4432,387,1,0
BRDA:4440,388,0,0
BRDA:4440,388,1,0
BRDA:4447,389,0,0
BRDA:4447,389,1,0
BRDA:4453,390,0,0
BRDA:4453,390,1,0
BRDA:4465,391,0,0
BRDA:4465,391,1,0
BRDA:4469,392,0,0
BRDA:4469,392,1,0
BRDA:4476,393,0,0
BRDA:4476,393,1,0
BRDA:4480,394,0,0
BRDA:4480,394,1,0
BRDA:4486,395,0,0
BRDA:4486,395,1,0
BRDA:4505,396,0,0
BRDA:4505,396,1,0
BRDA:4509,397,0,0
BRDA:4509,397,1,0
BRDA:4513,398,0,0
BRDA:4513,398,1,0
BRDA:4521,399,0,0
BRDA:4521,399,1,0
BRDA:4533,400,0,0
BRDA:4533,400,1,0
BRDA:4582,401,0,0
BRDA:4582,401,1,0
BRDA:4586,402,0,0
BRDA:4586,402,1,0
BRDA:4602,403,0,0
BRDA:4602,403,1,0
BRDA:4606,404,0,0
BRDA:4606,404,1,0
BRDA:4665,405,0,0
BRDA:4665,405,1,1
BRDA:4691,406,0,0
BRDA:4691,406,1,0
BRDA:4692,407,0,0
BRDA:4692,407,1,0
BRDA:4695,408,0,0
BRDA:4695,408,1,0
BRDA:4695,409,0,0
BRDA:4695,409,1,0
BRDA:4845,410,0,0
BRDA:4845,410,1,0
BRDA:4845,411,0,0
BRDA:4845,411,1,0
BRDA:4846,412,0,0
BRDA:4846,412,1,0
BRDA:4857,413,0,0
BRDA:4857,413,1,0
BRDA:4939,414,0,0
BRDA:4939,414,1,0
BRDA:4969,415,0,0
BRDA:4969,415,1,0
BRDA:5021,416,0,0
BRDA:5021,416,1,0
BRDA:5113,417,0,0
BRDA:5113,417,1,0
BRDA:5139,418,0,0
BRDA:5139,418,1,0
BRDA:5179,419,0,0
BRDA:5179,419,1,0
BRDA:5183,420,0,0
BRDA:5183,420,1,0
BRDA:5189,421,0,0
BRDA:5189,421,1,0
BRDA:5217,422,0,0
BRDA:5217,422,1,0
BRDA:5220,423,0,0
BRDA:5220,423,1,0
BRDA:5226,424,0,0
BRDA:5226,424,1,0
BRDA:5230,425,0,0
BRDA:5230,425,1,0
BRDA:5240,426,0,0
BRDA:5240,426,1,0
BRDA:5246,427,0,0
BRDA:5246,427,1,0
BRDA:5248,428,0,0
BRDA:5248,428,1,0
BRDA:5279,429,0,0
BRDA:5279,429,1,0
BRDA:5286,430,0,0
BRDA:5286,430,1,0
BRDA:5292,431,0,0
BRDA:5292,431,1,0
BRDA:5294,432,0,0
BRDA:5294,432,1,0
BRDA:5326,433,0,0
BRDA:5326,433,1,0
BRDA:5330,434,0,0
BRDA:5330,434,1,0
BRDA:5339,435,0,0
BRDA:5339,435,1,0
BRDA:5390,436,0,0
BRDA:5390,436,1,0
BRDA:5402,437,0,0
BRDA:5402,437,1,0
BRDA:5402,437,2,0
BRDA:5427,438,0,0
BRDA:5427,438,1,0
BRDA:5427,439,0,0
BRDA:5427,439,1,0
BRDA:5464,440,0,0
BRDA:5464,440,1,0
BRDA:5475,441,0,0
BRDA:5475,441,1,0
BRDA:5480,442,0,0
BRDA:5480,442,1,0
BRDA:5487,443,0,0
BRDA:5487,443,1,0
BRDA:5526,444,0,0
BRDA:5526,444,1,0
BRDA:5537,445,0,0
BRDA:5537,445,1,0
BRDA:5548,446,0,0
BRDA:5548,446,1,0
BRDA:5551,447,0,0
BRDA:5551,447,1,0
BRDA:5556,448,0,0
BRDA:5556,448,1,0
BRDA:5559,449,0,0
BRDA:5559,449,1,0
BRDA:5578,450,0,0
BRDA:5578,450,1,0
BRDA:5578,451,0,0
BRDA:5578,451,1,0
BRDA:5579,452,0,0
BRDA:5579,452,1,0
BRDA:5587,453,0,0
BRDA:5587,453,1,0
BRDA:5594,454,0,0
BRDA:5594,454,1,0
BRDA:5597,455,0,0
BRDA:5597,455,1,0
BRDA:5600,456,0,0
BRDA:5600,456,1,0
BRDA:5608,457,0,0
BRDA:5608,457,1,0
BRDA:5610,458,0,0
BRDA:5610,458,1,0
BRDA:5618,459,0,0
BRDA:5618,459,1,0
BRDA:5618,459,2,0
BRDA:5618,459,3,0
BRDA:5624,460,0,0
BRDA:5624,460,1,0
BRDA:5639,461,0,0
BRDA:5639,461,1,0
BRDA:5643,462,0,0
BRDA:5643,462,1,0
BRDA:5687,463,0,0
BRDA:5687,463,1,0
BRDA:5691,464,0,0
BRDA:5691,464,1,0
BRDA:5702,465,0,0
BRDA:5702,465,1,0
BRDA:5715,466,0,0
BRDA:5715,466,1,0
BRDA:5715,467,0,0
BRDA:5715,467,1,0
BRDA:5745,468,0,0
BRDA:5745,468,1,1
BRDA:5745,469,0,1
BRDA:5745,469,1,1
BRDA:5755,470,0,0
BRDA:5755,470,1,0
BRDA:5765,471,0,0
BRDA:5765,471,1,0
BRDA:5779,472,0,0
BRDA:5779,472,1,0
BRDA:5779,472,2,0
BRDA:5779,472,3,0
BRDA:5779,472,4,0
BRDA:5779,472,5,0
BRDA:5779,472,6,0
BRDA:5779,472,7,0
BRDA:5829,473,0,0
BRDA:5829,473,1,0
BRDA:5859,474,0,0
BRDA:5859,474,1,0
BRDA:5859,474,2,0
BRDA:5872,475,0,0
BRDA:5872,475,1,0
BRDA:5874,476,0,0
BRDA:5874,476,1,0
BRDA:5876,477,0,0
BRDA:5876,477,1,0
BRDA:5876,478,0,0
BRDA:5876,478,1,0
BRDA:5878,479,0,0
BRDA:5878,479,1,0
BRDA:5880,480,0,0
BRDA:5880,480,1,0
BRDA:5882,481,0,0
BRDA:5882,481,1,0
BRDA:5884,482,0,0
BRDA:5884,482,1,0
BRDA:5886,483,0,0
BRDA:5886,483,1,0
BRDA:5888,484,0,0
BRDA:5888,484,1,0
BRDA:5890,485,0,0
BRDA:5890,485,1,0
BRDA:5892,486,0,0
BRDA:5892,486,1,0
BRDA:5893,487,0,0
BRDA:5893,487,1,0
BRDA:5898,488,0,0
BRDA:5898,488,1,0
BRDA:5900,489,0,0
BRDA:5900,489,1,0
BRDA:5902,490,0,0
BRDA:5902,490,1,0
BRDA:5904,491,0,0
BRDA:5904,491,1,0
BRDA:5906,492,0,0
BRDA:5906,492,1,0
BRDA:5907,493,0,0
BRDA:5907,493,1,0
BRDA:5907,493,2,0
BRDA:5907,493,3,0
BRDA:5917,494,0,0
BRDA:5917,494,1,0
BRDA:5920,495,0,0
BRDA:5920,495,1,0
BRDA:5923,496,0,0
BRDA:5923,496,1,0
BRDA:5923,497,0,0
BRDA:5923,497,1,0
BRDA:5925,498,0,0
BRDA:5925,498,1,0
BRDA:5935,499,0,0
BRDA:5935,499,1,0
BRDA:5935,500,0,0
BRDA:5935,500,1,0
BRDA:5947,501,0,0
BRDA:5947,501,1,0
BRDA:5950,502,0,0
BRDA:5950,502,1,0
BRDA:5971,503,0,0
BRDA:5971,503,1,0
BRDA:5978,504,0,0
BRDA:5978,504,1,0
BRDA:5983,505,0,0
BRDA:5983,505,1,0
BRDA:5990,506,0,0
BRDA:5990,506,1,0
BRDA:5999,507,0,0
BRDA:5999,507,1,0
BRDA:6007,508,0,0
BRDA:6007,508,1,0
BRDA:6015,509,0,0
BRDA:6015,509,1,0
BRDA:6018,510,0,0
BRDA:6018,510,1,0
BRDA:6025,511,0,0
BRDA:6025,511,1,0
BRDA:6032,512,0,0
BRDA:6032,512,1,0
BRDA:6040,513,0,0
BRDA:6040,513,1,0
BRDA:6043,514,0,0
BRDA:6043,514,1,0
BRDA:6050,515,0,0
BRDA:6050,515,1,0
BRDA:6061,516,0,0
BRDA:6061,516,1,0
BRDA:6061,517,0,0
BRDA:6061,517,1,0
BRDA:6067,518,0,0
BRDA:6067,518,1,0
BRDA:6076,519,0,0
BRDA:6076,519,1,0
BRDA:6085,520,0,0
BRDA:6085,520,1,0
BRDA:6101,521,0,0
BRDA:6101,521,1,0
BRDA:6120,522,0,0
BRDA:6120,522,1,0
BRDA:6127,523,0,0
BRDA:6127,523,1,0
BRDA:6127,524,0,0
BRDA:6127,524,1,0
BRDA:6137,525,0,0
BRDA:6137,525,1,0
BRDA:6147,526,0,0
BRDA:6147,526,1,0
BRDA:6155,527,0,0
BRDA:6155,527,1,0
BRDA:6161,528,0,0
BRDA:6161,528,1,0
BRDA:6179,529,0,0
BRDA:6179,529,1,0
BRDA:6184,530,0,0
BRDA:6184,530,1,0
BRDA:6191,531,0,0
BRDA:6191,531,1,0
BRDA:6195,532,0,0
BRDA:6195,532,1,0
BRDA:6201,533,0,0
BRDA:6201,533,1,0
BRDA:6223,534,0,20
BRDA:6223,534,1,0
BRDA:6235,535,0,9
BRDA:6235,535,1,0
BRDA:6236,536,0,9
BRDA:6236,536,1,8
BRDA:6238,537,0,9
BRDA:6238,537,1,0
BRDA:6240,538,0,9
BRDA:6240,538,1,0
BRDA:6244,539,0,9
BRDA:6244,539,1,0
BRDA:6245,540,0,9
BRDA:6245,540,1,6
BRDA:6246,541,0,9
BRDA:6246,541,1,0
BRDA:6250,542,0,9
BRDA:6250,542,1,0
BRDA:6251,543,0,9
BRDA:6251,543,1,0
BRDA:6258,544,0,0
BRDA:6258,544,1,9
BRDA:6270,545,0,0
BRDA:6270,545,1,0
BRDA:6277,546,0,0
BRDA:6277,546,1,0
BRDA:6306,547,0,5
BRDA:6306,547,1,10
BRDA:6314,548,0,0
BRDA:6314,548,1,5
BRDA:6315,549,0,0
BRDA:6315,549,1,0
BRDA:6315,550,0,0
BRDA:6315,550,1,0
BRDA:6322,551,0,0
BRDA:6322,551,1,5
BRDA:6322,552,0,5
BRDA:6322,552,1,0
BRDA:6329,553,0,0
BRDA:6329,553,1,5
BRDA:6347,554,0,5
BRDA:6347,554,1,11
BRDA:6348,555,0,5
BRDA:6348,555,1,5
BRDA:6354,556,0,0
BRDA:6354,556,1,0
BRDA:6364,557,0,11
BRDA:6364,557,1,5
BRDA:6367,558,0,0
BRDA:6367,558,1,10
BRDA:6367,559,0,10
BRDA:6367,559,1,0
BRDA:6408,560,0,5
BRDA:6408,560,1,10
BRDA:6412,561,0,10
BRDA:6412,561,1,10
BRDA:6414,562,0,0
BRDA:6414,562,1,10
BRDA:6414,563,0,10
BRDA:6414,563,1,0
BRDA:6422,564,0,8
BRDA:6422,564,1,0
BRDA:6431,565,0,1
BRDA:6431,565,1,0
BRDA:6460,566,0,0
BRDA:6460,566,1,6
BRDA:6460,567,0,6
BRDA:6460,567,1,0
BRDA:6480,568,0,0
BRDA:6480,568,1,6
BRDA:6485,569,0,6
BRDA:6485,569,1,0
BRDA:6914,570,0,0
BRDA:6914,570,1,0
BRDA:6949,571,0,0
BRDA:6949,571,1,0
BRDA:6949,571,2,0
BRDA:6949,571,3,0
BRDA:6949,571,4,0
BRDA:6949,571,5,0
BRDA:6949,571,6,0
BRDA:6949,571,7,0
BRDA:6949,571,8,0
BRDA:6949,571,9,0
BRDA:6994,572,0,0
BRDA:6994,572,1,0
BRDA:6994,573,0,0
BRDA:6994,573,1,0
BRDA:7030,574,0,0
BRDA:7030,574,1,0
BRDA:7048,575,0,0
BRDA:7048,575,1,0
BRDA:7049,576,0,0
BRDA:7049,576,1,0
BRDA:7049,577,0,0
BRDA:7049,577,1,0
BRDA:7082,578,0,0
BRDA:7082,578,1,0
BRDA:7097,579,0,0
BRDA:7097,579,1,0
BRDA:7122,580,0,0
BRDA:7122,580,1,0
BRDA:7124,581,0,0
BRDA:7124,581,1,0
BRDA:7138,582,0,0
BRDA:7138,582,1,0
BRDA:7149,583,0,0
BRDA:7149,583,1,0
BRDA:7156,584,0,0
BRDA:7156,584,1,0
BRDA:7156,585,0,0
BRDA:7156,585,1,0
BRDA:7166,586,0,0
BRDA:7166,586,1,0
BRDA:7170,587,0,0
BRDA:7170,587,1,0
BRDA:7172,588,0,0
BRDA:7172,588,1,0
BRDA:7191,589,0,1
BRDA:7191,589,1,0
BRDA:7192,590,0,1
BRDA:7192,590,1,1
BRDA:7195,591,0,1
BRDA:7195,591,1,0
BRDA:7207,592,0,0
BRDA:7207,592,1,0
BRDA:7207,593,0,0
BRDA:7207,593,1,0
BRDA:7215,594,0,0
BRDA:7215,594,1,0
BRDA:7215,595,0,0
BRDA:7215,595,1,0
BRDA:7219,596,0,0
BRDA:7219,596,1,0
BRDA:7223,597,0,0
BRDA:7223,597,1,0
BRDA:7223,598,0,0
BRDA:7223,598,1,0
BRDA:7224,599,0,0
BRDA:7224,599,1,0
BRDA:7235,600,0,0
BRDA:7235,600,1,0
BRDA:7235,601,0,0
BRDA:7235,601,1,0
BRDA:7235,602,0,0
BRDA:7235,602,1,0
BRDA:7245,603,0,0
BRDA:7245,603,1,0
BRDA:7246,604,0,0
BRDA:7246,604,1,0
BRDA:7246,604,2,0
BRDA:7254,605,0,0
BRDA:7254,605,1,0
BRDA:7272,606,0,0
BRDA:7272,606,1,0
BRDA:7274,607,0,0
BRDA:7274,607,1,0
BRDA:7284,608,0,0
BRDA:7284,608,1,0
BRDA:7290,609,0,0
BRDA:7290,609,1,0
BRDA:7294,610,0,0
BRDA:7294,610,1,0
BRDA:7300,611,0,0
BRDA:7300,611,1,0
BRDA:7311,612,0,0
BRDA:7311,612,1,0
BRDA:7312,613,0,0
BRDA:7312,613,1,0
BRDA:7327,614,0,0
BRDA:7327,614,1,0
BRDA:7349,615,0,0
BRDA:7349,615,1,0
BRDA:7362,616,0,0
BRDA:7362,616,1,0
BRDA:7363,617,0,0
BRDA:7363,617,1,0
BRDA:7367,618,0,0
BRDA:7367,618,1,0
BRDA:7368,619,0,0
BRDA:7368,619,1,0
BRDA:7368,619,2,0
BRDA:7402,620,0,0
BRDA:7402,620,1,0
BRDA:7413,621,0,0
BRDA:7413,621,1,0
BRDA:7414,622,0,0
BRDA:7414,622,1,0
BRDA:7415,623,0,0
BRDA:7415,623,1,0
BRDA:7419,624,0,0
BRDA:7419,624,1,0
BRDA:7421,625,0,0
BRDA:7421,625,1,0
BRDA:7421,626,0,0
BRDA:7421,626,1,0
BRDA:7427,627,0,0
BRDA:7427,627,1,0
BRDA:7434,628,0,0
BRDA:7434,628,1,0
BRDA:7480,629,0,0
BRDA:7480,629,1,0
BRDA:7547,630,0,0
BRDA:7547,630,1,0
BRDA:7562,631,0,0
BRDA:7562,631,1,0
BRDA:7562,632,0,0
BRDA:7562,632,1,0
BRDA:7597,633,0,1
BRDA:7597,633,1,0
BRDA:7642,634,0,2
BRDA:7642,634,1,8
BRDA:7649,635,0,0
BRDA:7649,635,1,8
BRDA:7653,636,0,8
BRDA:7653,636,1,1
BRDA:7662,637,0,8
BRDA:7662,637,1,0
BRDA:7677,638,0,8
BRDA:7677,638,1,2
BRDA:7686,639,0,1
BRDA:7686,639,1,0
BRDA:7695,640,0,0
BRDA:7695,640,1,1
BRDA:7703,641,0,0
BRDA:7703,641,1,0
BRDA:7730,642,0,2
BRDA:7730,642,1,2
BRDA:7769,643,0,3
BRDA:7769,643,1,4
BRDA:7822,644,0,0
BRDA:7822,644,1,1
BRDA:7826,645,0,0
BRDA:7826,645,1,1
BRDA:7834,646,0,2
BRDA:7834,646,1,2
BRDA:7843,647,0,2
BRDA:7843,647,1,2
BRDA:7844,648,0,1
BRDA:7844,648,1,1
BRDA:7857,649,0,0
BRDA:7857,649,1,0
BRDA:7870,650,0,0
BRDA:7870,650,1,0
BRDA:7878,651,0,0
BRDA:7878,651,1,0
BRDA:7881,652,0,0
BRDA:7881,652,1,0
BRDA:7888,653,0,0
BRDA:7888,653,1,0
BRDA:7903,654,0,0
BRDA:7903,654,1,1
BRDA:7903,655,0,1
BRDA:7903,655,1,0
BRDA:7916,656,0,3
BRDA:7916,656,1,3
BRDA:7918,657,0,3
BRDA:7918,657,1,3
BRDA:7947,658,0,1
BRDA:7947,658,1,0
BRDA:7948,659,0,1
BRDA:7948,659,1,0
BRDA:7951,660,0,1
BRDA:7951,660,1,0
BRDA:7956,661,0,1
BRDA:7956,661,1,0
BRDA:7972,662,0,0
BRDA:7972,662,1,1
BRDA:7976,663,0,0
BRDA:7976,663,1,1
BRDA:7994,664,0,1
BRDA:7994,664,1,2
BRDA:8003,665,0,1
BRDA:8003,665,1,2
BRDA:8007,666,0,1
BRDA:8007,666,1,2
BRDA:8008,667,0,1
BRDA:8008,667,1,1
BRDA:8011,668,0,1
BRDA:8011,668,1,1
BRDA:8032,669,0,0
BRDA:8032,669,1,2
BRDA:8038,670,0,2
BRDA:8038,670,1,2
BRDA:8048,671,0,0
BRDA:8048,671,1,2
BRDA:8048,672,0,2
BRDA:8048,672,1,0
BRDA:8055,673,0,2
BRDA:8055,673,1,1
BRDA:8059,674,0,2
BRDA:8059,674,1,1
BRDA:8081,675,0,2
BRDA:8081,675,1,0
BRDA:8081,675,2,0
BRDA:8092,676,0,0
BRDA:8092,676,1,2
BRDA:8123,677,0,2
BRDA:8123,677,1,0
BRDA:8139,678,0,1
BRDA:8139,678,1,1
BRDA:8187,679,0,0
BRDA:8187,679,1,2
BRDA:8205,680,0,0
BRDA:8205,680,1,0
BRF:1425
BRH:248
end_of_record
TN:
SF:/home/fsrg/Desktop/workspace/github/knowledge-cloud/login_n_routers-angularjs-vanilla-kotiln-couchdb/client/node_modules/karma-jasmine/lib/adapter.js
FN:1,(anonymous_0)
FN:12,isExternalStackEntry
FN:25,getRelevantStackFrom
FN:64,formatFailedStep
FN:119,SuiteNode
FN:124,(anonymous_5)
FN:131,processSuite
FN:150,getAllSpecNames
FN:161,KarmaReporter
FN:169,handleGlobalErrors
FN:192,(anonymous_10)
FN:200,(anonymous_11)
FN:212,(anonymous_12)
FN:216,(anonymous_13)
FN:230,(anonymous_14)
FN:234,(anonymous_15)
FN:275,(anonymous_16)
FN:285,(anonymous_17)
FN:287,(anonymous_18)
FN:297,(anonymous_19)
FN:319,(anonymous_20)
FN:322,(anonymous_21)
FN:336,(anonymous_22)
FN:338,(anonymous_23)
FN:343,(anonymous_24)
FN:360,createStartFn
FN:362,(anonymous_26)
FN:378,indexOf
FN:394,filter
FN:409,map
FNF:30
FNH:25
FNDA:1,(anonymous_0)
FNDA:0,isExternalStackEntry
FNDA:0,getRelevantStackFrom
FNDA:0,formatFailedStep
FNDA:2,SuiteNode
FNDA:1,(anonymous_5)
FNDA:2,processSuite
FNDA:1,getAllSpecNames
FNDA:1,KarmaReporter
FNDA:2,handleGlobalErrors
FNDA:1,(anonymous_10)
FNDA:1,(anonymous_11)
FNDA:1,(anonymous_12)
FNDA:1,(anonymous_13)
FNDA:1,(anonymous_14)
FNDA:1,(anonymous_15)
FNDA:1,(anonymous_16)
FNDA:0,(anonymous_17)
FNDA:0,(anonymous_18)
FNDA:1,(anonymous_19)
FNDA:1,(anonymous_20)
FNDA:1,(anonymous_21)
FNDA:1,(anonymous_22)
FNDA:1,(anonymous_23)
FNDA:1,(anonymous_24)
FNDA:1,createStartFn
FNDA:1,(anonymous_26)
FNDA:1,indexOf
FNDA:1,filter
FNDA:1,map
DA:1,1
DA:13,0
DA:26,0
DA:27,0
DA:29,0
DA:31,0
DA:32,0
DA:33,0
DA:39,0
DA:40,0
DA:43,0
DA:44,0
DA:45,0
DA:49,0
DA:67,0
DA:69,0
DA:70,0
DA:74,0
DA:75,0
DA:77,0
DA:83,0
DA:84,0
DA:87,0
DA:91,0
DA:96,0
DA:98,0
DA:103,0
DA:106,0
DA:116,0
DA:120,2
DA:121,2
DA:122,2
DA:124,2
DA:125,1
DA:126,1
DA:127,1
DA:135,2
DA:136,2
DA:138,2
DA:139,1
DA:140,1
DA:142,1
DA:143,0
DA:145,1
DA:151,1
DA:153,1
DA:155,1
DA:162,1
DA:166,1
DA:167,1
DA:170,2
DA:171,0
DA:172,0
DA:173,0
DA:174,0
DA:177,0
DA:192,1
DA:194,1
DA:200,1
DA:201,1
DA:204,1
DA:206,1
DA:212,1
DA:213,1
DA:216,1
DA:219,1
DA:220,0
DA:225,1
DA:227,1
DA:230,1
DA:231,1
DA:234,1
DA:235,1
DA:237,1
DA:252,1
DA:253,1
DA:254,1
DA:255,1
DA:258,1
DA:259,0
DA:260,0
DA:261,0
DA:265,1
DA:266,1
DA:275,1
DA:276,1
DA:278,1
DA:279,1
DA:281,1
DA:282,0
DA:285,1
DA:286,0
DA:288,0
DA:290,0
DA:291,0
DA:293,0
DA:297,1
DA:298,1
DA:299,1
DA:300,1
DA:303,0
DA:305,0
DA:306,0
DA:307,0
DA:310,0
DA:311,0
DA:312,0
DA:319,1
DA:320,1
DA:322,1
DA:323,1
DA:336,1
DA:337,1
DA:339,1
DA:343,1
DA:344,1
DA:347,1
DA:362,1
DA:363,1
DA:364,1
DA:366,1
DA:368,1
DA:370,1
DA:373,1
DA:374,1
DA:379,1
DA:380,1
DA:383,0
DA:384,0
DA:385,0
DA:386,0
DA:387,0
DA:388,0
DA:391,0
DA:395,1
DA:396,1
DA:399,0
DA:401,0
DA:402,0
DA:403,0
DA:406,0
DA:410,1
DA:411,1
DA:414,0
DA:415,0
DA:416,0
DA:417,0
DA:420,0
DA:424,1
DA:425,1
LF:150
LH:82
BRDA:13,0,0,0
BRDA:13,0,1,0
BRDA:13,0,2,0
BRDA:32,1,0,0
BRDA:32,1,1,0
BRDA:39,2,0,0
BRDA:39,2,1,0
BRDA:44,3,0,0
BRDA:44,3,1,0
BRDA:67,4,0,0
BRDA:67,4,1,0
BRDA:75,5,0,0
BRDA:75,5,1,0
BRDA:84,6,0,0
BRDA:84,6,1,0
BRDA:84,7,0,0
BRDA:84,7,1,0
BRDA:96,8,0,0
BRDA:96,8,1,0
BRDA:103,9,0,0
BRDA:103,9,1,0
BRDA:103,10,0,0
BRDA:103,10,1,0
BRDA:138,11,0,1
BRDA:138,11,1,1
BRDA:142,12,0,0
BRDA:142,12,1,1
BRDA:170,13,0,0
BRDA:170,13,1,2
BRDA:170,14,0,2
BRDA:170,14,1,2
BRDA:201,15,0,1
BRDA:201,15,1,0
BRDA:219,16,0,0
BRDA:219,16,1,1
BRDA:235,17,0,1
BRDA:235,17,1,1
BRDA:235,17,2,1
BRDA:243,18,0,1
BRDA:243,18,1,1
BRDA:247,19,0,0
BRDA:247,19,1,1
BRDA:258,20,0,0
BRDA:258,20,1,1
BRDA:278,21,0,1
BRDA:278,21,1,0
BRDA:281,22,0,0
BRDA:281,22,1,1
BRDA:285,23,0,1
BRDA:285,23,1,1
BRDA:290,24,0,0
BRDA:290,24,1,0
BRDA:293,25,0,0
BRDA:293,25,1,0
BRDA:298,26,0,1
BRDA:298,26,1,1
BRDA:299,27,0,1
BRDA:299,27,1,0
BRDA:306,28,0,0
BRDA:306,28,1,0
BRDA:320,29,0,1
BRDA:320,29,1,1
BRDA:363,30,0,1
BRDA:363,30,1,0
BRDA:364,31,0,1
BRDA:364,31,1,1
BRDA:366,32,0,1
BRDA:366,32,1,1
BRDA:370,33,0,1
BRDA:370,33,1,1
BRDA:379,34,0,1
BRDA:379,34,1,0
BRDA:383,35,0,0
BRDA:383,35,1,0
BRDA:384,36,0,0
BRDA:384,36,1,0
BRDA:385,37,0,0
BRDA:385,37,1,0
BRDA:387,38,0,0
BRDA:387,38,1,0
BRDA:387,39,0,0
BRDA:387,39,1,0
BRDA:395,40,0,1
BRDA:395,40,1,0
BRDA:402,41,0,0
BRDA:402,41,1,0
BRDA:402,42,0,0
BRDA:402,42,1,0
BRDA:410,43,0,1
BRDA:410,43,1,0
BRDA:416,44,0,0
BRDA:416,44,1,0
BRDA:427,45,0,1
BRDA:427,45,1,0
BRF:94
BRH:35
end_of_record
TN:
SF:/home/fsrg/Desktop/workspace/github/knowledge-cloud/login_n_routers-angularjs-vanilla-kotiln-couchdb/client/node_modules/karma-jasmine/lib/boot.js
FN:6,(anonymous_0)
FNF:1
FNH:1
FNDA:1,(anonymous_0)
DA:6,1
DA:14,1
DA:19,1
DA:25,1
DA:26,1
DA:27,1
DA:28,1
DA:36,1
DA:37,19
DA:38,19
LF:10
LH:10
BRDA:37,0,0,19
BRDA:37,0,1,0
BRDA:41,1,0,1
BRDA:41,1,1,0
BRF:4
BRH:2
end_of_record
